<?xml version="1.0" encoding="UTF-8"?>
<!-- Generated by org.testng.reporters.JUnitXMLReporter -->
<testsuite ignored="0" hostname="user-OptiPlex-9020" failures="0" tests="2" name="Surefire test" time="0.043" errors="0" timestamp="2022-07-26T17:14:57 IST">
  <testcase classname="com.gahcomau.testcases.NewUserOrderTest" name="@BeforeMethod setup" time="0.001">
    <failure type="java.lang.NullPointerException" message="Cannot invoke &amp;quot;String.equalsIgnoreCase(String)&amp;quot; because &amp;quot;browserName&amp;quot; is null">
      <![CDATA[java.lang.NullPointerException: Cannot invoke "String.equalsIgnoreCase(String)" because "browserName" is null
at com.gahcomau.base.BaseClass.launchApp(BaseClass.java:83)
at com.gahcomau.testcases.NewUserOrderTest.setup(NewUserOrderTest.java:25)
at java.base/java.util.ArrayList.forEach(ArrayList.java:1511)
... Removed 36 stack frames]]>
    </failure>
  </testcase> <!-- @BeforeMethod setup -->
  <testcase classname="com.gahcomau.testcases.NewUserOrderTest" name="@AfterMethod tearDown" time="-1.658835897527E9">
    <skipped/>
  </testcase> <!-- @AfterMethod tearDown -->
  <testcase classname="com.gahcomau.testcases.NewUserOrderTest" name="@BeforeMethod setup" time="-1.658835897529E9">
    <skipped/>
  </testcase> <!-- @BeforeMethod setup -->
  <testcase classname="com.gahcomau.testcases.NewUserOrderTest" name="@AfterMethod tearDown" time="-1.65883589753E9">
    <skipped/>
  </testcase> <!-- @AfterMethod tearDown -->
  <testcase classname="com.gahcomau.testcases.NewUserOrderTest" name="clickOnSelectServiceDropdown" time="0.0">
    <skipped/>
  </testcase> <!-- clickOnSelectServiceDropdown -->
  <testcase classname="com.gahcomau.testcases.NewUserOrderTest" name="verifyTitle" time="0.0">
    <skipped/>
  </testcase> <!-- verifyTitle -->
</testsuite> <!-- Surefire test -->
