<?xml version="1.0" encoding="UTF-8"?>
<!-- Generated by org.testng.reporters.JUnitXMLReporter -->
<testsuite ignored="21" hostname="user-OptiPlex-9020" failures="0" tests="1" name="Default test" time="5.983" errors="0" timestamp="2022-09-05T12:37:29 IST">
  <testcase classname="com.gahcomau.testcases.Services_Main_Subject_Topic" name="getListServices" time="0.373"/>
  <testcase classname="com.gahcomau.testcases.Services_Main_Subject_Topic" name="getServiceSubjectList" time="0.0">
    <ignored/>
  </testcase> <!-- getServiceSubjectList -->
  <testcase classname="com.gahcomau.testcases.Services_Main_Subject_Topic" name="getServiceEssaySubjectsList" time="0.0">
    <ignored/>
  </testcase> <!-- getServiceEssaySubjectsList -->
  <testcase classname="com.gahcomau.testcases.Services_Main_Subject_Topic" name="ServiceTestCourseworkHelp" time="0.0">
    <ignored/>
  </testcase> <!-- ServiceTestCourseworkHelp -->
  <testcase classname="com.gahcomau.testcases.Services_Main_Subject_Topic" name="ExcelHomePageMenuTest" time="0.0">
    <ignored/>
  </testcase> <!-- ExcelHomePageMenuTest -->
  <testcase classname="com.gahcomau.testcases.Services_Main_Subject_Topic" name="getServiceAssignmentSubjectList" time="0.0">
    <ignored/>
  </testcase> <!-- getServiceAssignmentSubjectList -->
  <testcase classname="com.gahcomau.testcases.Services_Main_Subject_Topic" name="getServiceHomeworkServicesList" time="0.0">
    <ignored/>
  </testcase> <!-- getServiceHomeworkServicesList -->
  <testcase classname="com.gahcomau.testcases.Services_Main_Subject_Topic" name="ServiceTestEssaySubjects" time="0.0">
    <ignored/>
  </testcase> <!-- ServiceTestEssaySubjects -->
  <testcase classname="com.gahcomau.testcases.Services_Main_Subject_Topic" name="ServiceTestEngineeringSubject" time="0.0">
    <ignored/>
  </testcase> <!-- ServiceTestEngineeringSubject -->
  <testcase classname="com.gahcomau.testcases.Services_Main_Subject_Topic" name="getServiceEngineeringSubjectList" time="0.0">
    <ignored/>
  </testcase> <!-- getServiceEngineeringSubjectList -->
  <testcase classname="com.gahcomau.testcases.Services_Main_Subject_Topic" name="ServiceTestThesisHelp" time="0.0">
    <ignored/>
  </testcase> <!-- ServiceTestThesisHelp -->
  <testcase classname="com.gahcomau.testcases.Services_Main_Subject_Topic" name="getServiceLawSubjectsList" time="0.0">
    <ignored/>
  </testcase> <!-- getServiceLawSubjectsList -->
  <testcase classname="com.gahcomau.testcases.Services_Main_Subject_Topic" name="getServiceManagementSubjectList" time="0.0">
    <ignored/>
  </testcase> <!-- getServiceManagementSubjectList -->
  <testcase classname="com.gahcomau.testcases.Services_Main_Subject_Topic" name="ServiceTestManagemnetSubject" time="0.0">
    <ignored/>
  </testcase> <!-- ServiceTestManagemnetSubject -->
  <testcase classname="com.gahcomau.testcases.Services_Main_Subject_Topic" name="getServiceAssignmentByCitiesList" time="0.0">
    <ignored/>
  </testcase> <!-- getServiceAssignmentByCitiesList -->
  <testcase classname="com.gahcomau.testcases.Services_Main_Subject_Topic" name="ServiceTestHomeworkServices" time="0.0">
    <ignored/>
  </testcase> <!-- ServiceTestHomeworkServices -->
  <testcase classname="com.gahcomau.testcases.Services_Main_Subject_Topic" name="ServiceTestDissertationHelp" time="0.0">
    <ignored/>
  </testcase> <!-- ServiceTestDissertationHelp -->
  <testcase classname="com.gahcomau.testcases.Services_Main_Subject_Topic" name="getServiceCourseworkHelpList" time="0.0">
    <ignored/>
  </testcase> <!-- getServiceCourseworkHelpList -->
  <testcase classname="com.gahcomau.testcases.Services_Main_Subject_Topic" name="getServiceThesisHelpList" time="0.0">
    <ignored/>
  </testcase> <!-- getServiceThesisHelpList -->
  <testcase classname="com.gahcomau.testcases.Services_Main_Subject_Topic" name="getServiceDissertationHelpList" time="0.0">
    <ignored/>
  </testcase> <!-- getServiceDissertationHelpList -->
  <testcase classname="com.gahcomau.testcases.Services_Main_Subject_Topic" name="ServiceTestLawSubjects" time="0.0">
    <ignored/>
  </testcase> <!-- ServiceTestLawSubjects -->
  <testcase classname="com.gahcomau.testcases.Services_Main_Subject_Topic" name="ServiceTestAssignmentByCities" time="0.0">
    <ignored/>
  </testcase> <!-- ServiceTestAssignmentByCities -->
</testsuite> <!-- Default test -->
