<?xml version="1.0" encoding="UTF-8"?>
<!-- Generated by org.testng.reporters.JUnitXMLReporter -->
<testsuite ignored="0" hostname="user-OptiPlex-9020" failures="31" tests="187" name="services" time="6467.623" errors="0" timestamp="2022-09-03T13:57:39 IST">
  <testcase classname="com.gahcomau.testcases.Services_Main_Subject_Topic" name="getListServices" time="0.395"/>
  <testcase classname="com.gahcomau.testcases.Services_Main_Subject_Topic" name="getServiceSubjectList" time="2.736"/>
  <testcase classname="com.gahcomau.testcases.Services_Main_Subject_Topic" name="getServiceAssignmentSubjectList" time="1.012"/>
  <testcase classname="com.gahcomau.testcases.Services_Main_Subject_Topic" name="ExcelHomePageMenuTest" time="31.141"/>
  <testcase classname="com.gahcomau.testcases.Services_Main_Subject_Topic" name="ExcelHomePageMenuTest" time="52.739"/>
  <testcase classname="com.gahcomau.testcases.Services_Main_Subject_Topic" name="ExcelHomePageMenuTest" time="40.239"/>
  <testcase classname="com.gahcomau.testcases.Services_Main_Subject_Topic" name="ExcelHomePageMenuTest" time="32.821"/>
  <testcase classname="com.gahcomau.testcases.Services_Main_Subject_Topic" name="ExcelHomePageMenuTest" time="25.579"/>
  <testcase classname="com.gahcomau.testcases.Services_Main_Subject_Topic" name="ExcelHomePageMenuTest" time="31.547"/>
  <testcase classname="com.gahcomau.testcases.Services_Main_Subject_Topic" name="ExcelHomePageMenuTest" time="30.902"/>
  <testcase classname="com.gahcomau.testcases.Services_Main_Subject_Topic" name="ExcelHomePageMenuTest" time="34.825"/>
  <testcase classname="com.gahcomau.testcases.Services_Main_Subject_Topic" name="ExcelHomePageMenuTest" time="37.767"/>
  <testcase classname="com.gahcomau.testcases.Services_Main_Subject_Topic" name="ExcelHomePageMenuTest" time="37.145"/>
  <testcase classname="com.gahcomau.testcases.Services_Main_Subject_Topic" name="ExcelHomePageMenuTest" time="31.911"/>
  <testcase classname="com.gahcomau.testcases.Services_Main_Subject_Topic" name="ExcelHomePageMenuTest" time="31.946">
    <failure type="org.openqa.selenium.NoSuchElementException" message="no such element: Unable to locate element: {&amp;quot;method&amp;quot;:&amp;quot;xpath&amp;quot;,&amp;quot;selector&amp;quot;:&amp;quot;//div[@class=&amp;quot;populr-search-slider slick-initialized slick-slider slick-dotted&amp;quot;]&amp;quot;}
  (Session info: chrome=100.0.4896.60)
For documentation on this error, please visit: https://www.seleniumhq.org/exceptions/no_such_element.html
Build info: version: &amp;apos;3.141.59&amp;apos;, revision: &amp;apos;e82be7d358&amp;apos;, time: &amp;apos;2018-11-14T08:17:03&amp;apos;
System info: host: &amp;apos;user-OptiPlex-9020&amp;apos;, ip: &amp;apos;127.0.1.1&amp;apos;, os.name: &amp;apos;Linux&amp;apos;, os.arch: &amp;apos;amd64&amp;apos;, os.version: &amp;apos;5.15.0-46-generic&amp;apos;, java.version: &amp;apos;17.0.3&amp;apos;
Driver info: org.openqa.selenium.chrome.ChromeDriver
Capabilities {acceptInsecureCerts: false, browserName: chrome, browserVersion: 100.0.4896.60, chrome: {chromedriverVersion: 100.0.4896.60 (6a5d10861ce8..., userDataDir: /tmp/.com.google.Chrome.D0qCGF}, goog:chromeOptions: {debuggerAddress: localhost:40831}, javascriptEnabled: true, networkConnectionEnabled: false, pageLoadStrategy: normal, platform: LINUX, platformName: LINUX, proxy: Proxy(), setWindowRect: true, strictFileInteractability: false, timeouts: {implicit: 0, pageLoad: 300000, script: 30000}, unhandledPromptBehavior: dismiss and notify, webauthn:extension:credBlob: true, webauthn:extension:largeBlob: true, webauthn:virtualAuthenticators: true}
Session ID: c02a9b746f51628ebbf52c1d4287275e
*** Element info: {Using=xpath, value=//div[@class=&amp;quot;populr-search-slider slick-initialized slick-slider slick-dotted&amp;quot;]}">
      <![CDATA[org.openqa.selenium.NoSuchElementException: no such element: Unable to locate element: {"method":"xpath","selector":"//div[@class="populr-search-slider slick-initialized slick-slider slick-dotted"]"}
  (Session info: chrome=100.0.4896.60)
For documentation on this error, please visit: https://www.seleniumhq.org/exceptions/no_such_element.html
Build info: version: '3.141.59', revision: 'e82be7d358', time: '2018-11-14T08:17:03'
System info: host: 'user-OptiPlex-9020', ip: '127.0.1.1', os.name: 'Linux', os.arch: 'amd64', os.version: '5.15.0-46-generic', java.version: '17.0.3'
Driver info: org.openqa.selenium.chrome.ChromeDriver
Capabilities {acceptInsecureCerts: false, browserName: chrome, browserVersion: 100.0.4896.60, chrome: {chromedriverVersion: 100.0.4896.60 (6a5d10861ce8..., userDataDir: /tmp/.com.google.Chrome.D0qCGF}, goog:chromeOptions: {debuggerAddress: localhost:40831}, javascriptEnabled: true, networkConnectionEnabled: false, pageLoadStrategy: normal, platform: LINUX, platformName: LINUX, proxy: Proxy(), setWindowRect: true, strictFileInteractability: false, timeouts: {implicit: 0, pageLoad: 300000, script: 30000}, unhandledPromptBehavior: dismiss and notify, webauthn:extension:credBlob: true, webauthn:extension:largeBlob: true, webauthn:virtualAuthenticators: true}
Session ID: c02a9b746f51628ebbf52c1d4287275e
*** Element info: {Using=xpath, value=//div[@class="populr-search-slider slick-initialized slick-slider slick-dotted"]}
at org.openqa.selenium.remote.http.W3CHttpResponseCodec.createException(W3CHttpResponseCodec.java:187)
at org.openqa.selenium.remote.http.W3CHttpResponseCodec.decode(W3CHttpResponseCodec.java:122)
at org.openqa.selenium.remote.http.W3CHttpResponseCodec.decode(W3CHttpResponseCodec.java:49)
at org.openqa.selenium.remote.HttpCommandExecutor.execute(HttpCommandExecutor.java:158)
at org.openqa.selenium.remote.service.DriverCommandExecutor.execute(DriverCommandExecutor.java:83)
at org.openqa.selenium.remote.RemoteWebDriver.execute(RemoteWebDriver.java:552)
at org.openqa.selenium.remote.RemoteWebDriver.findElement(RemoteWebDriver.java:323)
at org.openqa.selenium.remote.RemoteWebDriver.findElementByXPath(RemoteWebDriver.java:428)
at org.openqa.selenium.By$ByXPath.findElement(By.java:353)
at org.openqa.selenium.remote.RemoteWebDriver.findElement(RemoteWebDriver.java:315)
at org.openqa.selenium.support.pagefactory.DefaultElementLocator.findElement(DefaultElementLocator.java:69)
at org.openqa.selenium.support.pagefactory.internal.LocatingElementHandler.invoke(LocatingElementHandler.java:38)
at jdk.proxy2/jdk.proxy2.$Proxy15.getWrappedElement(Unknown Source)
at org.openqa.selenium.remote.internal.WebElementToJsonConverter.apply(WebElementToJsonConverter.java:50)
at java.base/java.util.stream.ReferencePipeline$3$1.accept(ReferencePipeline.java:197)
at java.base/java.util.Spliterators$ArraySpliterator.forEachRemaining(Spliterators.java:992)
at java.base/java.util.stream.AbstractPipeline.copyInto(AbstractPipeline.java:509)
at java.base/java.util.stream.AbstractPipeline.wrapAndCopyInto(AbstractPipeline.java:499)
at java.base/java.util.stream.ReduceOps$ReduceOp.evaluateSequential(ReduceOps.java:921)
at java.base/java.util.stream.AbstractPipeline.evaluate(AbstractPipeline.java:234)
at java.base/java.util.stream.ReferencePipeline.collect(ReferencePipeline.java:682)
at org.openqa.selenium.remote.RemoteWebDriver.executeScript(RemoteWebDriver.java:484)
at com.gahcomau.actiondriver.Action.scrollByVisibilityOfElement(Action.java:43)
at com.gahcomau.pageobjects.HomePage.reviewsSection(HomePage.java:983)
at com.gahcomau.testcases.Services_Main_Subject_Topic.ExcelHomePageMenuTest(Services_Main_Subject_Topic.java:132)
at java.base/java.util.ArrayList.forEach(ArrayList.java:1511)
... Removed 32 stack frames]]>
    </failure>
  </testcase> <!-- ExcelHomePageMenuTest -->
  <testcase classname="com.gahcomau.testcases.Services_Main_Subject_Topic" name="ExcelHomePageMenuTest" time="36.909"/>
  <testcase classname="com.gahcomau.testcases.Services_Main_Subject_Topic" name="ExcelHomePageMenuTest" time="29.48"/>
  <testcase classname="com.gahcomau.testcases.Services_Main_Subject_Topic" name="ExcelHomePageMenuTest" time="0.417">
    <failure type="org.openqa.selenium.ElementNotInteractableException" message="element not interactable: https://www.globalassignmenthelp.com.au/psychology-assignment-help has no size and location
  (Session info: chrome=100.0.4896.60)
Build info: version: &amp;apos;3.141.59&amp;apos;, revision: &amp;apos;e82be7d358&amp;apos;, time: &amp;apos;2018-11-14T08:17:03&amp;apos;
System info: host: &amp;apos;user-OptiPlex-9020&amp;apos;, ip: &amp;apos;127.0.1.1&amp;apos;, os.name: &amp;apos;Linux&amp;apos;, os.arch: &amp;apos;amd64&amp;apos;, os.version: &amp;apos;5.15.0-46-generic&amp;apos;, java.version: &amp;apos;17.0.3&amp;apos;
Driver info: org.openqa.selenium.chrome.ChromeDriver
Capabilities {acceptInsecureCerts: false, browserName: chrome, browserVersion: 100.0.4896.60, chrome: {chromedriverVersion: 100.0.4896.60 (6a5d10861ce8..., userDataDir: /tmp/.com.google.Chrome.2dhlQc}, goog:chromeOptions: {debuggerAddress: localhost:40511}, javascriptEnabled: true, networkConnectionEnabled: false, pageLoadStrategy: normal, platform: LINUX, platformName: LINUX, proxy: Proxy(), setWindowRect: true, strictFileInteractability: false, timeouts: {implicit: 0, pageLoad: 300000, script: 30000}, unhandledPromptBehavior: dismiss and notify, webauthn:extension:credBlob: true, webauthn:extension:largeBlob: true, webauthn:virtualAuthenticators: true}
Session ID: 0a462194c8ba34695fb5c6889f0fa500">
      <![CDATA[org.openqa.selenium.ElementNotInteractableException: element not interactable: https://www.globalassignmenthelp.com.au/psychology-assignment-help has no size and location
  (Session info: chrome=100.0.4896.60)
Build info: version: '3.141.59', revision: 'e82be7d358', time: '2018-11-14T08:17:03'
System info: host: 'user-OptiPlex-9020', ip: '127.0.1.1', os.name: 'Linux', os.arch: 'amd64', os.version: '5.15.0-46-generic', java.version: '17.0.3'
Driver info: org.openqa.selenium.chrome.ChromeDriver
Capabilities {acceptInsecureCerts: false, browserName: chrome, browserVersion: 100.0.4896.60, chrome: {chromedriverVersion: 100.0.4896.60 (6a5d10861ce8..., userDataDir: /tmp/.com.google.Chrome.2dhlQc}, goog:chromeOptions: {debuggerAddress: localhost:40511}, javascriptEnabled: true, networkConnectionEnabled: false, pageLoadStrategy: normal, platform: LINUX, platformName: LINUX, proxy: Proxy(), setWindowRect: true, strictFileInteractability: false, timeouts: {implicit: 0, pageLoad: 300000, script: 30000}, unhandledPromptBehavior: dismiss and notify, webauthn:extension:credBlob: true, webauthn:extension:largeBlob: true, webauthn:virtualAuthenticators: true}
Session ID: 0a462194c8ba34695fb5c6889f0fa500
at org.openqa.selenium.remote.http.W3CHttpResponseCodec.createException(W3CHttpResponseCodec.java:187)
at org.openqa.selenium.remote.http.W3CHttpResponseCodec.decode(W3CHttpResponseCodec.java:122)
at org.openqa.selenium.remote.http.W3CHttpResponseCodec.decode(W3CHttpResponseCodec.java:49)
at org.openqa.selenium.remote.HttpCommandExecutor.execute(HttpCommandExecutor.java:158)
at org.openqa.selenium.remote.service.DriverCommandExecutor.execute(DriverCommandExecutor.java:83)
at org.openqa.selenium.remote.RemoteWebDriver.execute(RemoteWebDriver.java:552)
at org.openqa.selenium.remote.RemoteWebDriver.perform(RemoteWebDriver.java:618)
at org.openqa.selenium.interactions.Actions$BuiltAction.perform(Actions.java:639)
at org.openqa.selenium.interactions.Actions.perform(Actions.java:595)
at com.gahcomau.actiondriver.Action.hoverElement(Action.java:774)
at com.gahcomau.pageobjects.HomePage.excelDemoTopic(HomePage.java:307)
at com.gahcomau.testcases.Services_Main_Subject_Topic.ExcelHomePageMenuTest(Services_Main_Subject_Topic.java:116)
at java.base/java.util.ArrayList.forEach(ArrayList.java:1511)
... Removed 32 stack frames]]>
    </failure>
  </testcase> <!-- ExcelHomePageMenuTest -->
  <testcase classname="com.gahcomau.testcases.Services_Main_Subject_Topic" name="ExcelHomePageMenuTest" time="37.95"/>
  <testcase classname="com.gahcomau.testcases.Services_Main_Subject_Topic" name="ExcelHomePageMenuTest" time="28.092"/>
  <testcase classname="com.gahcomau.testcases.Services_Main_Subject_Topic" name="ExcelHomePageMenuTest" time="37.835"/>
  <testcase classname="com.gahcomau.testcases.Services_Main_Subject_Topic" name="ExcelHomePageMenuTest" time="37.236"/>
  <testcase classname="com.gahcomau.testcases.Services_Main_Subject_Topic" name="ExcelHomePageMenuTest" time="38.176"/>
  <testcase classname="com.gahcomau.testcases.Services_Main_Subject_Topic" name="ExcelHomePageMenuTest" time="33.921"/>
  <testcase classname="com.gahcomau.testcases.Services_Main_Subject_Topic" name="ExcelHomePageMenuTest" time="37.554"/>
  <testcase classname="com.gahcomau.testcases.Services_Main_Subject_Topic" name="ExcelHomePageMenuTest" time="30.733"/>
  <testcase classname="com.gahcomau.testcases.Services_Main_Subject_Topic" name="ExcelHomePageMenuTest" time="28.299"/>
  <testcase classname="com.gahcomau.testcases.Services_Main_Subject_Topic" name="ExcelHomePageMenuTest" time="36.464"/>
  <testcase classname="com.gahcomau.testcases.Services_Main_Subject_Topic" name="ExcelHomePageMenuTest" time="39.026"/>
  <testcase classname="com.gahcomau.testcases.Services_Main_Subject_Topic" name="ExcelHomePageMenuTest" time="40.801"/>
  <testcase classname="com.gahcomau.testcases.Services_Main_Subject_Topic" name="ExcelHomePageMenuTest" time="58.908"/>
  <testcase classname="com.gahcomau.testcases.Services_Main_Subject_Topic" name="ExcelHomePageMenuTest" time="38.615"/>
  <testcase classname="com.gahcomau.testcases.Services_Main_Subject_Topic" name="ExcelHomePageMenuTest" time="32.663"/>
  <testcase classname="com.gahcomau.testcases.Services_Main_Subject_Topic" name="ExcelHomePageMenuTest" time="55.449"/>
  <testcase classname="com.gahcomau.testcases.Services_Main_Subject_Topic" name="ExcelHomePageMenuTest" time="48.022">
    <failure type="org.openqa.selenium.NoSuchElementException" message="no such element: Unable to locate element: {&amp;quot;method&amp;quot;:&amp;quot;xpath&amp;quot;,&amp;quot;selector&amp;quot;:&amp;quot;//div[@class=&amp;quot;populr-search-slider slick-initialized slick-slider slick-dotted&amp;quot;]&amp;quot;}
  (Session info: chrome=100.0.4896.60)
For documentation on this error, please visit: https://www.seleniumhq.org/exceptions/no_such_element.html
Build info: version: &amp;apos;3.141.59&amp;apos;, revision: &amp;apos;e82be7d358&amp;apos;, time: &amp;apos;2018-11-14T08:17:03&amp;apos;
System info: host: &amp;apos;user-OptiPlex-9020&amp;apos;, ip: &amp;apos;127.0.1.1&amp;apos;, os.name: &amp;apos;Linux&amp;apos;, os.arch: &amp;apos;amd64&amp;apos;, os.version: &amp;apos;5.15.0-46-generic&amp;apos;, java.version: &amp;apos;17.0.3&amp;apos;
Driver info: org.openqa.selenium.chrome.ChromeDriver
Capabilities {acceptInsecureCerts: false, browserName: chrome, browserVersion: 100.0.4896.60, chrome: {chromedriverVersion: 100.0.4896.60 (6a5d10861ce8..., userDataDir: /tmp/.com.google.Chrome.OKgLN7}, goog:chromeOptions: {debuggerAddress: localhost:39485}, javascriptEnabled: true, networkConnectionEnabled: false, pageLoadStrategy: normal, platform: LINUX, platformName: LINUX, proxy: Proxy(), setWindowRect: true, strictFileInteractability: false, timeouts: {implicit: 0, pageLoad: 300000, script: 30000}, unhandledPromptBehavior: dismiss and notify, webauthn:extension:credBlob: true, webauthn:extension:largeBlob: true, webauthn:virtualAuthenticators: true}
Session ID: 4a02fe0ba16003c4bd9750023842e73a
*** Element info: {Using=xpath, value=//div[@class=&amp;quot;populr-search-slider slick-initialized slick-slider slick-dotted&amp;quot;]}">
      <![CDATA[org.openqa.selenium.NoSuchElementException: no such element: Unable to locate element: {"method":"xpath","selector":"//div[@class="populr-search-slider slick-initialized slick-slider slick-dotted"]"}
  (Session info: chrome=100.0.4896.60)
For documentation on this error, please visit: https://www.seleniumhq.org/exceptions/no_such_element.html
Build info: version: '3.141.59', revision: 'e82be7d358', time: '2018-11-14T08:17:03'
System info: host: 'user-OptiPlex-9020', ip: '127.0.1.1', os.name: 'Linux', os.arch: 'amd64', os.version: '5.15.0-46-generic', java.version: '17.0.3'
Driver info: org.openqa.selenium.chrome.ChromeDriver
Capabilities {acceptInsecureCerts: false, browserName: chrome, browserVersion: 100.0.4896.60, chrome: {chromedriverVersion: 100.0.4896.60 (6a5d10861ce8..., userDataDir: /tmp/.com.google.Chrome.OKgLN7}, goog:chromeOptions: {debuggerAddress: localhost:39485}, javascriptEnabled: true, networkConnectionEnabled: false, pageLoadStrategy: normal, platform: LINUX, platformName: LINUX, proxy: Proxy(), setWindowRect: true, strictFileInteractability: false, timeouts: {implicit: 0, pageLoad: 300000, script: 30000}, unhandledPromptBehavior: dismiss and notify, webauthn:extension:credBlob: true, webauthn:extension:largeBlob: true, webauthn:virtualAuthenticators: true}
Session ID: 4a02fe0ba16003c4bd9750023842e73a
*** Element info: {Using=xpath, value=//div[@class="populr-search-slider slick-initialized slick-slider slick-dotted"]}
at org.openqa.selenium.remote.http.W3CHttpResponseCodec.createException(W3CHttpResponseCodec.java:187)
at org.openqa.selenium.remote.http.W3CHttpResponseCodec.decode(W3CHttpResponseCodec.java:122)
at org.openqa.selenium.remote.http.W3CHttpResponseCodec.decode(W3CHttpResponseCodec.java:49)
at org.openqa.selenium.remote.HttpCommandExecutor.execute(HttpCommandExecutor.java:158)
at org.openqa.selenium.remote.service.DriverCommandExecutor.execute(DriverCommandExecutor.java:83)
at org.openqa.selenium.remote.RemoteWebDriver.execute(RemoteWebDriver.java:552)
at org.openqa.selenium.remote.RemoteWebDriver.findElement(RemoteWebDriver.java:323)
at org.openqa.selenium.remote.RemoteWebDriver.findElementByXPath(RemoteWebDriver.java:428)
at org.openqa.selenium.By$ByXPath.findElement(By.java:353)
at org.openqa.selenium.remote.RemoteWebDriver.findElement(RemoteWebDriver.java:315)
at org.openqa.selenium.support.pagefactory.DefaultElementLocator.findElement(DefaultElementLocator.java:69)
at org.openqa.selenium.support.pagefactory.internal.LocatingElementHandler.invoke(LocatingElementHandler.java:38)
at jdk.proxy2/jdk.proxy2.$Proxy15.getWrappedElement(Unknown Source)
at org.openqa.selenium.remote.internal.WebElementToJsonConverter.apply(WebElementToJsonConverter.java:50)
at java.base/java.util.stream.ReferencePipeline$3$1.accept(ReferencePipeline.java:197)
at java.base/java.util.Spliterators$ArraySpliterator.forEachRemaining(Spliterators.java:992)
at java.base/java.util.stream.AbstractPipeline.copyInto(AbstractPipeline.java:509)
at java.base/java.util.stream.AbstractPipeline.wrapAndCopyInto(AbstractPipeline.java:499)
at java.base/java.util.stream.ReduceOps$ReduceOp.evaluateSequential(ReduceOps.java:921)
at java.base/java.util.stream.AbstractPipeline.evaluate(AbstractPipeline.java:234)
at java.base/java.util.stream.ReferencePipeline.collect(ReferencePipeline.java:682)
at org.openqa.selenium.remote.RemoteWebDriver.executeScript(RemoteWebDriver.java:484)
at com.gahcomau.actiondriver.Action.scrollByVisibilityOfElement(Action.java:43)
at com.gahcomau.pageobjects.HomePage.reviewsSection(HomePage.java:983)
at com.gahcomau.testcases.Services_Main_Subject_Topic.ExcelHomePageMenuTest(Services_Main_Subject_Topic.java:132)
at java.base/java.util.ArrayList.forEach(ArrayList.java:1511)
... Removed 30 stack frames]]>
    </failure>
  </testcase> <!-- ExcelHomePageMenuTest -->
  <testcase classname="com.gahcomau.testcases.Services_Main_Subject_Topic" name="ExcelHomePageMenuTest" time="47.754"/>
  <testcase classname="com.gahcomau.testcases.Services_Main_Subject_Topic" name="ExcelHomePageMenuTest" time="37.537">
    <failure type="org.openqa.selenium.NoSuchElementException" message="no such element: Unable to locate element: {&amp;quot;method&amp;quot;:&amp;quot;xpath&amp;quot;,&amp;quot;selector&amp;quot;:&amp;quot;//div[@class=&amp;quot;populr-search-slider slick-initialized slick-slider slick-dotted&amp;quot;]&amp;quot;}
  (Session info: chrome=100.0.4896.60)
For documentation on this error, please visit: https://www.seleniumhq.org/exceptions/no_such_element.html
Build info: version: &amp;apos;3.141.59&amp;apos;, revision: &amp;apos;e82be7d358&amp;apos;, time: &amp;apos;2018-11-14T08:17:03&amp;apos;
System info: host: &amp;apos;user-OptiPlex-9020&amp;apos;, ip: &amp;apos;127.0.1.1&amp;apos;, os.name: &amp;apos;Linux&amp;apos;, os.arch: &amp;apos;amd64&amp;apos;, os.version: &amp;apos;5.15.0-46-generic&amp;apos;, java.version: &amp;apos;17.0.3&amp;apos;
Driver info: org.openqa.selenium.chrome.ChromeDriver
Capabilities {acceptInsecureCerts: false, browserName: chrome, browserVersion: 100.0.4896.60, chrome: {chromedriverVersion: 100.0.4896.60 (6a5d10861ce8..., userDataDir: /tmp/.com.google.Chrome.PJYcgU}, goog:chromeOptions: {debuggerAddress: localhost:45991}, javascriptEnabled: true, networkConnectionEnabled: false, pageLoadStrategy: normal, platform: LINUX, platformName: LINUX, proxy: Proxy(), setWindowRect: true, strictFileInteractability: false, timeouts: {implicit: 0, pageLoad: 300000, script: 30000}, unhandledPromptBehavior: dismiss and notify, webauthn:extension:credBlob: true, webauthn:extension:largeBlob: true, webauthn:virtualAuthenticators: true}
Session ID: 8f52f6240dcbfaf1b3abd99fb97c6955
*** Element info: {Using=xpath, value=//div[@class=&amp;quot;populr-search-slider slick-initialized slick-slider slick-dotted&amp;quot;]}">
      <![CDATA[org.openqa.selenium.NoSuchElementException: no such element: Unable to locate element: {"method":"xpath","selector":"//div[@class="populr-search-slider slick-initialized slick-slider slick-dotted"]"}
  (Session info: chrome=100.0.4896.60)
For documentation on this error, please visit: https://www.seleniumhq.org/exceptions/no_such_element.html
Build info: version: '3.141.59', revision: 'e82be7d358', time: '2018-11-14T08:17:03'
System info: host: 'user-OptiPlex-9020', ip: '127.0.1.1', os.name: 'Linux', os.arch: 'amd64', os.version: '5.15.0-46-generic', java.version: '17.0.3'
Driver info: org.openqa.selenium.chrome.ChromeDriver
Capabilities {acceptInsecureCerts: false, browserName: chrome, browserVersion: 100.0.4896.60, chrome: {chromedriverVersion: 100.0.4896.60 (6a5d10861ce8..., userDataDir: /tmp/.com.google.Chrome.PJYcgU}, goog:chromeOptions: {debuggerAddress: localhost:45991}, javascriptEnabled: true, networkConnectionEnabled: false, pageLoadStrategy: normal, platform: LINUX, platformName: LINUX, proxy: Proxy(), setWindowRect: true, strictFileInteractability: false, timeouts: {implicit: 0, pageLoad: 300000, script: 30000}, unhandledPromptBehavior: dismiss and notify, webauthn:extension:credBlob: true, webauthn:extension:largeBlob: true, webauthn:virtualAuthenticators: true}
Session ID: 8f52f6240dcbfaf1b3abd99fb97c6955
*** Element info: {Using=xpath, value=//div[@class="populr-search-slider slick-initialized slick-slider slick-dotted"]}
at org.openqa.selenium.remote.http.W3CHttpResponseCodec.createException(W3CHttpResponseCodec.java:187)
at org.openqa.selenium.remote.http.W3CHttpResponseCodec.decode(W3CHttpResponseCodec.java:122)
at org.openqa.selenium.remote.http.W3CHttpResponseCodec.decode(W3CHttpResponseCodec.java:49)
at org.openqa.selenium.remote.HttpCommandExecutor.execute(HttpCommandExecutor.java:158)
at org.openqa.selenium.remote.service.DriverCommandExecutor.execute(DriverCommandExecutor.java:83)
at org.openqa.selenium.remote.RemoteWebDriver.execute(RemoteWebDriver.java:552)
at org.openqa.selenium.remote.RemoteWebDriver.findElement(RemoteWebDriver.java:323)
at org.openqa.selenium.remote.RemoteWebDriver.findElementByXPath(RemoteWebDriver.java:428)
at org.openqa.selenium.By$ByXPath.findElement(By.java:353)
at org.openqa.selenium.remote.RemoteWebDriver.findElement(RemoteWebDriver.java:315)
at org.openqa.selenium.support.pagefactory.DefaultElementLocator.findElement(DefaultElementLocator.java:69)
at org.openqa.selenium.support.pagefactory.internal.LocatingElementHandler.invoke(LocatingElementHandler.java:38)
at jdk.proxy2/jdk.proxy2.$Proxy15.getWrappedElement(Unknown Source)
at org.openqa.selenium.remote.internal.WebElementToJsonConverter.apply(WebElementToJsonConverter.java:50)
at java.base/java.util.stream.ReferencePipeline$3$1.accept(ReferencePipeline.java:197)
at java.base/java.util.Spliterators$ArraySpliterator.forEachRemaining(Spliterators.java:992)
at java.base/java.util.stream.AbstractPipeline.copyInto(AbstractPipeline.java:509)
at java.base/java.util.stream.AbstractPipeline.wrapAndCopyInto(AbstractPipeline.java:499)
at java.base/java.util.stream.ReduceOps$ReduceOp.evaluateSequential(ReduceOps.java:921)
at java.base/java.util.stream.AbstractPipeline.evaluate(AbstractPipeline.java:234)
at java.base/java.util.stream.ReferencePipeline.collect(ReferencePipeline.java:682)
at org.openqa.selenium.remote.RemoteWebDriver.executeScript(RemoteWebDriver.java:484)
at com.gahcomau.actiondriver.Action.scrollByVisibilityOfElement(Action.java:43)
at com.gahcomau.pageobjects.HomePage.reviewsSection(HomePage.java:983)
at com.gahcomau.testcases.Services_Main_Subject_Topic.ExcelHomePageMenuTest(Services_Main_Subject_Topic.java:132)
at java.base/java.util.ArrayList.forEach(ArrayList.java:1511)
... Removed 30 stack frames]]>
    </failure>
  </testcase> <!-- ExcelHomePageMenuTest -->
  <testcase classname="com.gahcomau.testcases.Services_Main_Subject_Topic" name="ExcelHomePageMenuTest" time="38.514"/>
  <testcase classname="com.gahcomau.testcases.Services_Main_Subject_Topic" name="ExcelHomePageMenuTest" time="39.772"/>
  <testcase classname="com.gahcomau.testcases.Services_Main_Subject_Topic" name="ExcelHomePageMenuTest" time="31.216">
    <failure type="org.openqa.selenium.NoSuchElementException" message="no such element: Unable to locate element: {&amp;quot;method&amp;quot;:&amp;quot;xpath&amp;quot;,&amp;quot;selector&amp;quot;:&amp;quot;//div[@class=&amp;quot;populr-search-slider slick-initialized slick-slider slick-dotted&amp;quot;]&amp;quot;}
  (Session info: chrome=100.0.4896.60)
For documentation on this error, please visit: https://www.seleniumhq.org/exceptions/no_such_element.html
Build info: version: &amp;apos;3.141.59&amp;apos;, revision: &amp;apos;e82be7d358&amp;apos;, time: &amp;apos;2018-11-14T08:17:03&amp;apos;
System info: host: &amp;apos;user-OptiPlex-9020&amp;apos;, ip: &amp;apos;127.0.1.1&amp;apos;, os.name: &amp;apos;Linux&amp;apos;, os.arch: &amp;apos;amd64&amp;apos;, os.version: &amp;apos;5.15.0-46-generic&amp;apos;, java.version: &amp;apos;17.0.3&amp;apos;
Driver info: org.openqa.selenium.chrome.ChromeDriver
Capabilities {acceptInsecureCerts: false, browserName: chrome, browserVersion: 100.0.4896.60, chrome: {chromedriverVersion: 100.0.4896.60 (6a5d10861ce8..., userDataDir: /tmp/.com.google.Chrome.pbYiXw}, goog:chromeOptions: {debuggerAddress: localhost:40875}, javascriptEnabled: true, networkConnectionEnabled: false, pageLoadStrategy: normal, platform: LINUX, platformName: LINUX, proxy: Proxy(), setWindowRect: true, strictFileInteractability: false, timeouts: {implicit: 0, pageLoad: 300000, script: 30000}, unhandledPromptBehavior: dismiss and notify, webauthn:extension:credBlob: true, webauthn:extension:largeBlob: true, webauthn:virtualAuthenticators: true}
Session ID: 47948ec17958d61389f74dfe30d28969
*** Element info: {Using=xpath, value=//div[@class=&amp;quot;populr-search-slider slick-initialized slick-slider slick-dotted&amp;quot;]}">
      <![CDATA[org.openqa.selenium.NoSuchElementException: no such element: Unable to locate element: {"method":"xpath","selector":"//div[@class="populr-search-slider slick-initialized slick-slider slick-dotted"]"}
  (Session info: chrome=100.0.4896.60)
For documentation on this error, please visit: https://www.seleniumhq.org/exceptions/no_such_element.html
Build info: version: '3.141.59', revision: 'e82be7d358', time: '2018-11-14T08:17:03'
System info: host: 'user-OptiPlex-9020', ip: '127.0.1.1', os.name: 'Linux', os.arch: 'amd64', os.version: '5.15.0-46-generic', java.version: '17.0.3'
Driver info: org.openqa.selenium.chrome.ChromeDriver
Capabilities {acceptInsecureCerts: false, browserName: chrome, browserVersion: 100.0.4896.60, chrome: {chromedriverVersion: 100.0.4896.60 (6a5d10861ce8..., userDataDir: /tmp/.com.google.Chrome.pbYiXw}, goog:chromeOptions: {debuggerAddress: localhost:40875}, javascriptEnabled: true, networkConnectionEnabled: false, pageLoadStrategy: normal, platform: LINUX, platformName: LINUX, proxy: Proxy(), setWindowRect: true, strictFileInteractability: false, timeouts: {implicit: 0, pageLoad: 300000, script: 30000}, unhandledPromptBehavior: dismiss and notify, webauthn:extension:credBlob: true, webauthn:extension:largeBlob: true, webauthn:virtualAuthenticators: true}
Session ID: 47948ec17958d61389f74dfe30d28969
*** Element info: {Using=xpath, value=//div[@class="populr-search-slider slick-initialized slick-slider slick-dotted"]}
at org.openqa.selenium.remote.http.W3CHttpResponseCodec.createException(W3CHttpResponseCodec.java:187)
at org.openqa.selenium.remote.http.W3CHttpResponseCodec.decode(W3CHttpResponseCodec.java:122)
at org.openqa.selenium.remote.http.W3CHttpResponseCodec.decode(W3CHttpResponseCodec.java:49)
at org.openqa.selenium.remote.HttpCommandExecutor.execute(HttpCommandExecutor.java:158)
at org.openqa.selenium.remote.service.DriverCommandExecutor.execute(DriverCommandExecutor.java:83)
at org.openqa.selenium.remote.RemoteWebDriver.execute(RemoteWebDriver.java:552)
at org.openqa.selenium.remote.RemoteWebDriver.findElement(RemoteWebDriver.java:323)
at org.openqa.selenium.remote.RemoteWebDriver.findElementByXPath(RemoteWebDriver.java:428)
at org.openqa.selenium.By$ByXPath.findElement(By.java:353)
at org.openqa.selenium.remote.RemoteWebDriver.findElement(RemoteWebDriver.java:315)
at org.openqa.selenium.support.pagefactory.DefaultElementLocator.findElement(DefaultElementLocator.java:69)
at org.openqa.selenium.support.pagefactory.internal.LocatingElementHandler.invoke(LocatingElementHandler.java:38)
at jdk.proxy2/jdk.proxy2.$Proxy15.getWrappedElement(Unknown Source)
at org.openqa.selenium.remote.internal.WebElementToJsonConverter.apply(WebElementToJsonConverter.java:50)
at java.base/java.util.stream.ReferencePipeline$3$1.accept(ReferencePipeline.java:197)
at java.base/java.util.Spliterators$ArraySpliterator.forEachRemaining(Spliterators.java:992)
at java.base/java.util.stream.AbstractPipeline.copyInto(AbstractPipeline.java:509)
at java.base/java.util.stream.AbstractPipeline.wrapAndCopyInto(AbstractPipeline.java:499)
at java.base/java.util.stream.ReduceOps$ReduceOp.evaluateSequential(ReduceOps.java:921)
at java.base/java.util.stream.AbstractPipeline.evaluate(AbstractPipeline.java:234)
at java.base/java.util.stream.ReferencePipeline.collect(ReferencePipeline.java:682)
at org.openqa.selenium.remote.RemoteWebDriver.executeScript(RemoteWebDriver.java:484)
at com.gahcomau.actiondriver.Action.scrollByVisibilityOfElement(Action.java:43)
at com.gahcomau.pageobjects.HomePage.reviewsSection(HomePage.java:983)
at com.gahcomau.testcases.Services_Main_Subject_Topic.ExcelHomePageMenuTest(Services_Main_Subject_Topic.java:132)
at java.base/java.util.ArrayList.forEach(ArrayList.java:1511)
... Removed 30 stack frames]]>
    </failure>
  </testcase> <!-- ExcelHomePageMenuTest -->
  <testcase classname="com.gahcomau.testcases.Services_Main_Subject_Topic" name="ExcelHomePageMenuTest" time="33.399"/>
  <testcase classname="com.gahcomau.testcases.Services_Main_Subject_Topic" name="ExcelHomePageMenuTest" time="34.762"/>
  <testcase classname="com.gahcomau.testcases.Services_Main_Subject_Topic" name="ExcelHomePageMenuTest" time="32.576"/>
  <testcase classname="com.gahcomau.testcases.Services_Main_Subject_Topic" name="ExcelHomePageMenuTest" time="32.017"/>
  <testcase classname="com.gahcomau.testcases.Services_Main_Subject_Topic" name="ExcelHomePageMenuTest" time="33.604">
    <failure type="org.openqa.selenium.NoSuchElementException" message="no such element: Unable to locate element: {&amp;quot;method&amp;quot;:&amp;quot;xpath&amp;quot;,&amp;quot;selector&amp;quot;:&amp;quot;//div[@class=&amp;quot;populr-search-slider slick-initialized slick-slider slick-dotted&amp;quot;]&amp;quot;}
  (Session info: chrome=100.0.4896.60)
For documentation on this error, please visit: https://www.seleniumhq.org/exceptions/no_such_element.html
Build info: version: &amp;apos;3.141.59&amp;apos;, revision: &amp;apos;e82be7d358&amp;apos;, time: &amp;apos;2018-11-14T08:17:03&amp;apos;
System info: host: &amp;apos;user-OptiPlex-9020&amp;apos;, ip: &amp;apos;127.0.1.1&amp;apos;, os.name: &amp;apos;Linux&amp;apos;, os.arch: &amp;apos;amd64&amp;apos;, os.version: &amp;apos;5.15.0-46-generic&amp;apos;, java.version: &amp;apos;17.0.3&amp;apos;
Driver info: org.openqa.selenium.chrome.ChromeDriver
Capabilities {acceptInsecureCerts: false, browserName: chrome, browserVersion: 100.0.4896.60, chrome: {chromedriverVersion: 100.0.4896.60 (6a5d10861ce8..., userDataDir: /tmp/.com.google.Chrome.yrds8O}, goog:chromeOptions: {debuggerAddress: localhost:34585}, javascriptEnabled: true, networkConnectionEnabled: false, pageLoadStrategy: normal, platform: LINUX, platformName: LINUX, proxy: Proxy(), setWindowRect: true, strictFileInteractability: false, timeouts: {implicit: 0, pageLoad: 300000, script: 30000}, unhandledPromptBehavior: dismiss and notify, webauthn:extension:credBlob: true, webauthn:extension:largeBlob: true, webauthn:virtualAuthenticators: true}
Session ID: 90ed728d64a93aa2420a5d93e05ea03b
*** Element info: {Using=xpath, value=//div[@class=&amp;quot;populr-search-slider slick-initialized slick-slider slick-dotted&amp;quot;]}">
      <![CDATA[org.openqa.selenium.NoSuchElementException: no such element: Unable to locate element: {"method":"xpath","selector":"//div[@class="populr-search-slider slick-initialized slick-slider slick-dotted"]"}
  (Session info: chrome=100.0.4896.60)
For documentation on this error, please visit: https://www.seleniumhq.org/exceptions/no_such_element.html
Build info: version: '3.141.59', revision: 'e82be7d358', time: '2018-11-14T08:17:03'
System info: host: 'user-OptiPlex-9020', ip: '127.0.1.1', os.name: 'Linux', os.arch: 'amd64', os.version: '5.15.0-46-generic', java.version: '17.0.3'
Driver info: org.openqa.selenium.chrome.ChromeDriver
Capabilities {acceptInsecureCerts: false, browserName: chrome, browserVersion: 100.0.4896.60, chrome: {chromedriverVersion: 100.0.4896.60 (6a5d10861ce8..., userDataDir: /tmp/.com.google.Chrome.yrds8O}, goog:chromeOptions: {debuggerAddress: localhost:34585}, javascriptEnabled: true, networkConnectionEnabled: false, pageLoadStrategy: normal, platform: LINUX, platformName: LINUX, proxy: Proxy(), setWindowRect: true, strictFileInteractability: false, timeouts: {implicit: 0, pageLoad: 300000, script: 30000}, unhandledPromptBehavior: dismiss and notify, webauthn:extension:credBlob: true, webauthn:extension:largeBlob: true, webauthn:virtualAuthenticators: true}
Session ID: 90ed728d64a93aa2420a5d93e05ea03b
*** Element info: {Using=xpath, value=//div[@class="populr-search-slider slick-initialized slick-slider slick-dotted"]}
at org.openqa.selenium.remote.http.W3CHttpResponseCodec.createException(W3CHttpResponseCodec.java:187)
at org.openqa.selenium.remote.http.W3CHttpResponseCodec.decode(W3CHttpResponseCodec.java:122)
at org.openqa.selenium.remote.http.W3CHttpResponseCodec.decode(W3CHttpResponseCodec.java:49)
at org.openqa.selenium.remote.HttpCommandExecutor.execute(HttpCommandExecutor.java:158)
at org.openqa.selenium.remote.service.DriverCommandExecutor.execute(DriverCommandExecutor.java:83)
at org.openqa.selenium.remote.RemoteWebDriver.execute(RemoteWebDriver.java:552)
at org.openqa.selenium.remote.RemoteWebDriver.findElement(RemoteWebDriver.java:323)
at org.openqa.selenium.remote.RemoteWebDriver.findElementByXPath(RemoteWebDriver.java:428)
at org.openqa.selenium.By$ByXPath.findElement(By.java:353)
at org.openqa.selenium.remote.RemoteWebDriver.findElement(RemoteWebDriver.java:315)
at org.openqa.selenium.support.pagefactory.DefaultElementLocator.findElement(DefaultElementLocator.java:69)
at org.openqa.selenium.support.pagefactory.internal.LocatingElementHandler.invoke(LocatingElementHandler.java:38)
at jdk.proxy2/jdk.proxy2.$Proxy15.getWrappedElement(Unknown Source)
at org.openqa.selenium.remote.internal.WebElementToJsonConverter.apply(WebElementToJsonConverter.java:50)
at java.base/java.util.stream.ReferencePipeline$3$1.accept(ReferencePipeline.java:197)
at java.base/java.util.Spliterators$ArraySpliterator.forEachRemaining(Spliterators.java:992)
at java.base/java.util.stream.AbstractPipeline.copyInto(AbstractPipeline.java:509)
at java.base/java.util.stream.AbstractPipeline.wrapAndCopyInto(AbstractPipeline.java:499)
at java.base/java.util.stream.ReduceOps$ReduceOp.evaluateSequential(ReduceOps.java:921)
at java.base/java.util.stream.AbstractPipeline.evaluate(AbstractPipeline.java:234)
at java.base/java.util.stream.ReferencePipeline.collect(ReferencePipeline.java:682)
at org.openqa.selenium.remote.RemoteWebDriver.executeScript(RemoteWebDriver.java:484)
at com.gahcomau.actiondriver.Action.scrollByVisibilityOfElement(Action.java:43)
at com.gahcomau.pageobjects.HomePage.reviewsSection(HomePage.java:983)
at com.gahcomau.testcases.Services_Main_Subject_Topic.ExcelHomePageMenuTest(Services_Main_Subject_Topic.java:132)
at java.base/java.util.ArrayList.forEach(ArrayList.java:1511)
... Removed 30 stack frames]]>
    </failure>
  </testcase> <!-- ExcelHomePageMenuTest -->
  <testcase classname="com.gahcomau.testcases.Services_Main_Subject_Topic" name="ExcelHomePageMenuTest" time="43.588">
    <failure type="org.openqa.selenium.NoSuchElementException" message="no such element: Unable to locate element: {&amp;quot;method&amp;quot;:&amp;quot;xpath&amp;quot;,&amp;quot;selector&amp;quot;:&amp;quot;//div[@class=&amp;quot;populr-search-slider slick-initialized slick-slider slick-dotted&amp;quot;]&amp;quot;}
  (Session info: chrome=100.0.4896.60)
For documentation on this error, please visit: https://www.seleniumhq.org/exceptions/no_such_element.html
Build info: version: &amp;apos;3.141.59&amp;apos;, revision: &amp;apos;e82be7d358&amp;apos;, time: &amp;apos;2018-11-14T08:17:03&amp;apos;
System info: host: &amp;apos;user-OptiPlex-9020&amp;apos;, ip: &amp;apos;127.0.1.1&amp;apos;, os.name: &amp;apos;Linux&amp;apos;, os.arch: &amp;apos;amd64&amp;apos;, os.version: &amp;apos;5.15.0-46-generic&amp;apos;, java.version: &amp;apos;17.0.3&amp;apos;
Driver info: org.openqa.selenium.chrome.ChromeDriver
Capabilities {acceptInsecureCerts: false, browserName: chrome, browserVersion: 100.0.4896.60, chrome: {chromedriverVersion: 100.0.4896.60 (6a5d10861ce8..., userDataDir: /tmp/.com.google.Chrome.11pvKQ}, goog:chromeOptions: {debuggerAddress: localhost:44993}, javascriptEnabled: true, networkConnectionEnabled: false, pageLoadStrategy: normal, platform: LINUX, platformName: LINUX, proxy: Proxy(), setWindowRect: true, strictFileInteractability: false, timeouts: {implicit: 0, pageLoad: 300000, script: 30000}, unhandledPromptBehavior: dismiss and notify, webauthn:extension:credBlob: true, webauthn:extension:largeBlob: true, webauthn:virtualAuthenticators: true}
Session ID: 5cd11215ee24e914a716f7c9e3fd1318
*** Element info: {Using=xpath, value=//div[@class=&amp;quot;populr-search-slider slick-initialized slick-slider slick-dotted&amp;quot;]}">
      <![CDATA[org.openqa.selenium.NoSuchElementException: no such element: Unable to locate element: {"method":"xpath","selector":"//div[@class="populr-search-slider slick-initialized slick-slider slick-dotted"]"}
  (Session info: chrome=100.0.4896.60)
For documentation on this error, please visit: https://www.seleniumhq.org/exceptions/no_such_element.html
Build info: version: '3.141.59', revision: 'e82be7d358', time: '2018-11-14T08:17:03'
System info: host: 'user-OptiPlex-9020', ip: '127.0.1.1', os.name: 'Linux', os.arch: 'amd64', os.version: '5.15.0-46-generic', java.version: '17.0.3'
Driver info: org.openqa.selenium.chrome.ChromeDriver
Capabilities {acceptInsecureCerts: false, browserName: chrome, browserVersion: 100.0.4896.60, chrome: {chromedriverVersion: 100.0.4896.60 (6a5d10861ce8..., userDataDir: /tmp/.com.google.Chrome.11pvKQ}, goog:chromeOptions: {debuggerAddress: localhost:44993}, javascriptEnabled: true, networkConnectionEnabled: false, pageLoadStrategy: normal, platform: LINUX, platformName: LINUX, proxy: Proxy(), setWindowRect: true, strictFileInteractability: false, timeouts: {implicit: 0, pageLoad: 300000, script: 30000}, unhandledPromptBehavior: dismiss and notify, webauthn:extension:credBlob: true, webauthn:extension:largeBlob: true, webauthn:virtualAuthenticators: true}
Session ID: 5cd11215ee24e914a716f7c9e3fd1318
*** Element info: {Using=xpath, value=//div[@class="populr-search-slider slick-initialized slick-slider slick-dotted"]}
at org.openqa.selenium.remote.http.W3CHttpResponseCodec.createException(W3CHttpResponseCodec.java:187)
at org.openqa.selenium.remote.http.W3CHttpResponseCodec.decode(W3CHttpResponseCodec.java:122)
at org.openqa.selenium.remote.http.W3CHttpResponseCodec.decode(W3CHttpResponseCodec.java:49)
at org.openqa.selenium.remote.HttpCommandExecutor.execute(HttpCommandExecutor.java:158)
at org.openqa.selenium.remote.service.DriverCommandExecutor.execute(DriverCommandExecutor.java:83)
at org.openqa.selenium.remote.RemoteWebDriver.execute(RemoteWebDriver.java:552)
at org.openqa.selenium.remote.RemoteWebDriver.findElement(RemoteWebDriver.java:323)
at org.openqa.selenium.remote.RemoteWebDriver.findElementByXPath(RemoteWebDriver.java:428)
at org.openqa.selenium.By$ByXPath.findElement(By.java:353)
at org.openqa.selenium.remote.RemoteWebDriver.findElement(RemoteWebDriver.java:315)
at org.openqa.selenium.support.pagefactory.DefaultElementLocator.findElement(DefaultElementLocator.java:69)
at org.openqa.selenium.support.pagefactory.internal.LocatingElementHandler.invoke(LocatingElementHandler.java:38)
at jdk.proxy2/jdk.proxy2.$Proxy15.getWrappedElement(Unknown Source)
at org.openqa.selenium.remote.internal.WebElementToJsonConverter.apply(WebElementToJsonConverter.java:50)
at java.base/java.util.stream.ReferencePipeline$3$1.accept(ReferencePipeline.java:197)
at java.base/java.util.Spliterators$ArraySpliterator.forEachRemaining(Spliterators.java:992)
at java.base/java.util.stream.AbstractPipeline.copyInto(AbstractPipeline.java:509)
at java.base/java.util.stream.AbstractPipeline.wrapAndCopyInto(AbstractPipeline.java:499)
at java.base/java.util.stream.ReduceOps$ReduceOp.evaluateSequential(ReduceOps.java:921)
at java.base/java.util.stream.AbstractPipeline.evaluate(AbstractPipeline.java:234)
at java.base/java.util.stream.ReferencePipeline.collect(ReferencePipeline.java:682)
at org.openqa.selenium.remote.RemoteWebDriver.executeScript(RemoteWebDriver.java:484)
at com.gahcomau.actiondriver.Action.scrollByVisibilityOfElement(Action.java:43)
at com.gahcomau.pageobjects.HomePage.reviewsSection(HomePage.java:983)
at com.gahcomau.testcases.Services_Main_Subject_Topic.ExcelHomePageMenuTest(Services_Main_Subject_Topic.java:132)
at java.base/java.util.ArrayList.forEach(ArrayList.java:1511)
... Removed 30 stack frames]]>
    </failure>
  </testcase> <!-- ExcelHomePageMenuTest -->
  <testcase classname="com.gahcomau.testcases.Services_Main_Subject_Topic" name="ExcelHomePageMenuTest" time="55.473"/>
  <testcase classname="com.gahcomau.testcases.Services_Main_Subject_Topic" name="ExcelHomePageMenuTest" time="41.545"/>
  <testcase classname="com.gahcomau.testcases.Services_Main_Subject_Topic" name="ExcelHomePageMenuTest" time="51.215"/>
  <testcase classname="com.gahcomau.testcases.Services_Main_Subject_Topic" name="ExcelHomePageMenuTest" time="43.453"/>
  <testcase classname="com.gahcomau.testcases.Services_Main_Subject_Topic" name="getServiceEngineeringSubjectList" time="1.207"/>
  <testcase classname="com.gahcomau.testcases.Services_Main_Subject_Topic" name="ServiceTestEngineeringSubject" time="42.817"/>
  <testcase classname="com.gahcomau.testcases.Services_Main_Subject_Topic" name="ServiceTestEngineeringSubject" time="37.18"/>
  <testcase classname="com.gahcomau.testcases.Services_Main_Subject_Topic" name="ServiceTestEngineeringSubject" time="40.696"/>
  <testcase classname="com.gahcomau.testcases.Services_Main_Subject_Topic" name="ServiceTestEngineeringSubject" time="37.554"/>
  <testcase classname="com.gahcomau.testcases.Services_Main_Subject_Topic" name="ServiceTestEngineeringSubject" time="38.775"/>
  <testcase classname="com.gahcomau.testcases.Services_Main_Subject_Topic" name="ServiceTestEngineeringSubject" time="37.331"/>
  <testcase classname="com.gahcomau.testcases.Services_Main_Subject_Topic" name="ServiceTestEngineeringSubject" time="35.834"/>
  <testcase classname="com.gahcomau.testcases.Services_Main_Subject_Topic" name="ServiceTestEngineeringSubject" time="0.37">
    <failure type="org.openqa.selenium.ElementNotInteractableException" message="element not interactable: https://www.globalassignmenthelp.com.au/sql-assignment-help has no size and location
  (Session info: chrome=100.0.4896.60)
Build info: version: &amp;apos;3.141.59&amp;apos;, revision: &amp;apos;e82be7d358&amp;apos;, time: &amp;apos;2018-11-14T08:17:03&amp;apos;
System info: host: &amp;apos;user-OptiPlex-9020&amp;apos;, ip: &amp;apos;127.0.1.1&amp;apos;, os.name: &amp;apos;Linux&amp;apos;, os.arch: &amp;apos;amd64&amp;apos;, os.version: &amp;apos;5.15.0-46-generic&amp;apos;, java.version: &amp;apos;17.0.3&amp;apos;
Driver info: org.openqa.selenium.chrome.ChromeDriver
Capabilities {acceptInsecureCerts: false, browserName: chrome, browserVersion: 100.0.4896.60, chrome: {chromedriverVersion: 100.0.4896.60 (6a5d10861ce8..., userDataDir: /tmp/.com.google.Chrome.esLcen}, goog:chromeOptions: {debuggerAddress: localhost:43609}, javascriptEnabled: true, networkConnectionEnabled: false, pageLoadStrategy: normal, platform: LINUX, platformName: LINUX, proxy: Proxy(), setWindowRect: true, strictFileInteractability: false, timeouts: {implicit: 0, pageLoad: 300000, script: 30000}, unhandledPromptBehavior: dismiss and notify, webauthn:extension:credBlob: true, webauthn:extension:largeBlob: true, webauthn:virtualAuthenticators: true}
Session ID: e628cd454b717eb7a603013439dd93c3">
      <![CDATA[org.openqa.selenium.ElementNotInteractableException: element not interactable: https://www.globalassignmenthelp.com.au/sql-assignment-help has no size and location
  (Session info: chrome=100.0.4896.60)
Build info: version: '3.141.59', revision: 'e82be7d358', time: '2018-11-14T08:17:03'
System info: host: 'user-OptiPlex-9020', ip: '127.0.1.1', os.name: 'Linux', os.arch: 'amd64', os.version: '5.15.0-46-generic', java.version: '17.0.3'
Driver info: org.openqa.selenium.chrome.ChromeDriver
Capabilities {acceptInsecureCerts: false, browserName: chrome, browserVersion: 100.0.4896.60, chrome: {chromedriverVersion: 100.0.4896.60 (6a5d10861ce8..., userDataDir: /tmp/.com.google.Chrome.esLcen}, goog:chromeOptions: {debuggerAddress: localhost:43609}, javascriptEnabled: true, networkConnectionEnabled: false, pageLoadStrategy: normal, platform: LINUX, platformName: LINUX, proxy: Proxy(), setWindowRect: true, strictFileInteractability: false, timeouts: {implicit: 0, pageLoad: 300000, script: 30000}, unhandledPromptBehavior: dismiss and notify, webauthn:extension:credBlob: true, webauthn:extension:largeBlob: true, webauthn:virtualAuthenticators: true}
Session ID: e628cd454b717eb7a603013439dd93c3
at org.openqa.selenium.remote.http.W3CHttpResponseCodec.createException(W3CHttpResponseCodec.java:187)
at org.openqa.selenium.remote.http.W3CHttpResponseCodec.decode(W3CHttpResponseCodec.java:122)
at org.openqa.selenium.remote.http.W3CHttpResponseCodec.decode(W3CHttpResponseCodec.java:49)
at org.openqa.selenium.remote.HttpCommandExecutor.execute(HttpCommandExecutor.java:158)
at org.openqa.selenium.remote.service.DriverCommandExecutor.execute(DriverCommandExecutor.java:83)
at org.openqa.selenium.remote.RemoteWebDriver.execute(RemoteWebDriver.java:552)
at org.openqa.selenium.remote.RemoteWebDriver.perform(RemoteWebDriver.java:618)
at org.openqa.selenium.interactions.Actions$BuiltAction.perform(Actions.java:639)
at org.openqa.selenium.interactions.Actions.perform(Actions.java:595)
at com.gahcomau.actiondriver.Action.hoverElement(Action.java:774)
at com.gahcomau.pageobjects.HomePage.excelDemoTopic(HomePage.java:307)
at com.gahcomau.testcases.Services_Main_Subject_Topic.ServiceTestEngineeringSubject(Services_Main_Subject_Topic.java:168)
at java.base/java.util.ArrayList.forEach(ArrayList.java:1511)
... Removed 32 stack frames]]>
    </failure>
  </testcase> <!-- ServiceTestEngineeringSubject -->
  <testcase classname="com.gahcomau.testcases.Services_Main_Subject_Topic" name="ServiceTestEngineeringSubject" time="35.563"/>
  <testcase classname="com.gahcomau.testcases.Services_Main_Subject_Topic" name="ServiceTestEngineeringSubject" time="41.929"/>
  <testcase classname="com.gahcomau.testcases.Services_Main_Subject_Topic" name="ServiceTestEngineeringSubject" time="45.114"/>
  <testcase classname="com.gahcomau.testcases.Services_Main_Subject_Topic" name="ServiceTestEngineeringSubject" time="44.401"/>
  <testcase classname="com.gahcomau.testcases.Services_Main_Subject_Topic" name="ServiceTestEngineeringSubject" time="0.432">
    <failure type="org.openqa.selenium.ElementNotInteractableException" message="element not interactable: https://www.globalassignmenthelp.com.au/graphics-assignment-help has no size and location
  (Session info: chrome=100.0.4896.60)
Build info: version: &amp;apos;3.141.59&amp;apos;, revision: &amp;apos;e82be7d358&amp;apos;, time: &amp;apos;2018-11-14T08:17:03&amp;apos;
System info: host: &amp;apos;user-OptiPlex-9020&amp;apos;, ip: &amp;apos;127.0.1.1&amp;apos;, os.name: &amp;apos;Linux&amp;apos;, os.arch: &amp;apos;amd64&amp;apos;, os.version: &amp;apos;5.15.0-46-generic&amp;apos;, java.version: &amp;apos;17.0.3&amp;apos;
Driver info: org.openqa.selenium.chrome.ChromeDriver
Capabilities {acceptInsecureCerts: false, browserName: chrome, browserVersion: 100.0.4896.60, chrome: {chromedriverVersion: 100.0.4896.60 (6a5d10861ce8..., userDataDir: /tmp/.com.google.Chrome.jLkHAx}, goog:chromeOptions: {debuggerAddress: localhost:38547}, javascriptEnabled: true, networkConnectionEnabled: false, pageLoadStrategy: normal, platform: LINUX, platformName: LINUX, proxy: Proxy(), setWindowRect: true, strictFileInteractability: false, timeouts: {implicit: 0, pageLoad: 300000, script: 30000}, unhandledPromptBehavior: dismiss and notify, webauthn:extension:credBlob: true, webauthn:extension:largeBlob: true, webauthn:virtualAuthenticators: true}
Session ID: c4114252ee37a6aabb2c39797faac5de">
      <![CDATA[org.openqa.selenium.ElementNotInteractableException: element not interactable: https://www.globalassignmenthelp.com.au/graphics-assignment-help has no size and location
  (Session info: chrome=100.0.4896.60)
Build info: version: '3.141.59', revision: 'e82be7d358', time: '2018-11-14T08:17:03'
System info: host: 'user-OptiPlex-9020', ip: '127.0.1.1', os.name: 'Linux', os.arch: 'amd64', os.version: '5.15.0-46-generic', java.version: '17.0.3'
Driver info: org.openqa.selenium.chrome.ChromeDriver
Capabilities {acceptInsecureCerts: false, browserName: chrome, browserVersion: 100.0.4896.60, chrome: {chromedriverVersion: 100.0.4896.60 (6a5d10861ce8..., userDataDir: /tmp/.com.google.Chrome.jLkHAx}, goog:chromeOptions: {debuggerAddress: localhost:38547}, javascriptEnabled: true, networkConnectionEnabled: false, pageLoadStrategy: normal, platform: LINUX, platformName: LINUX, proxy: Proxy(), setWindowRect: true, strictFileInteractability: false, timeouts: {implicit: 0, pageLoad: 300000, script: 30000}, unhandledPromptBehavior: dismiss and notify, webauthn:extension:credBlob: true, webauthn:extension:largeBlob: true, webauthn:virtualAuthenticators: true}
Session ID: c4114252ee37a6aabb2c39797faac5de
at org.openqa.selenium.remote.http.W3CHttpResponseCodec.createException(W3CHttpResponseCodec.java:187)
at org.openqa.selenium.remote.http.W3CHttpResponseCodec.decode(W3CHttpResponseCodec.java:122)
at org.openqa.selenium.remote.http.W3CHttpResponseCodec.decode(W3CHttpResponseCodec.java:49)
at org.openqa.selenium.remote.HttpCommandExecutor.execute(HttpCommandExecutor.java:158)
at org.openqa.selenium.remote.service.DriverCommandExecutor.execute(DriverCommandExecutor.java:83)
at org.openqa.selenium.remote.RemoteWebDriver.execute(RemoteWebDriver.java:552)
at org.openqa.selenium.remote.RemoteWebDriver.perform(RemoteWebDriver.java:618)
at org.openqa.selenium.interactions.Actions$BuiltAction.perform(Actions.java:639)
at org.openqa.selenium.interactions.Actions.perform(Actions.java:595)
at com.gahcomau.actiondriver.Action.hoverElement(Action.java:774)
at com.gahcomau.pageobjects.HomePage.excelDemoTopic(HomePage.java:307)
at com.gahcomau.testcases.Services_Main_Subject_Topic.ServiceTestEngineeringSubject(Services_Main_Subject_Topic.java:168)
at java.base/java.util.ArrayList.forEach(ArrayList.java:1511)
... Removed 32 stack frames]]>
    </failure>
  </testcase> <!-- ServiceTestEngineeringSubject -->
  <testcase classname="com.gahcomau.testcases.Services_Main_Subject_Topic" name="ServiceTestEngineeringSubject" time="42.1"/>
  <testcase classname="com.gahcomau.testcases.Services_Main_Subject_Topic" name="ServiceTestEngineeringSubject" time="37.614"/>
  <testcase classname="com.gahcomau.testcases.Services_Main_Subject_Topic" name="ServiceTestEngineeringSubject" time="34.472"/>
  <testcase classname="com.gahcomau.testcases.Services_Main_Subject_Topic" name="ServiceTestEngineeringSubject" time="37.161"/>
  <testcase classname="com.gahcomau.testcases.Services_Main_Subject_Topic" name="ServiceTestEngineeringSubject" time="36.721"/>
  <testcase classname="com.gahcomau.testcases.Services_Main_Subject_Topic" name="ServiceTestEngineeringSubject" time="39.696"/>
  <testcase classname="com.gahcomau.testcases.Services_Main_Subject_Topic" name="ServiceTestEngineeringSubject" time="35.84"/>
  <testcase classname="com.gahcomau.testcases.Services_Main_Subject_Topic" name="ServiceTestEngineeringSubject" time="35.611"/>
  <testcase classname="com.gahcomau.testcases.Services_Main_Subject_Topic" name="ServiceTestEngineeringSubject" time="36.473"/>
  <testcase classname="com.gahcomau.testcases.Services_Main_Subject_Topic" name="ServiceTestEngineeringSubject" time="38.795"/>
  <testcase classname="com.gahcomau.testcases.Services_Main_Subject_Topic" name="ServiceTestEngineeringSubject" time="36.76"/>
  <testcase classname="com.gahcomau.testcases.Services_Main_Subject_Topic" name="ServiceTestEngineeringSubject" time="0.221">
    <failure type="org.openqa.selenium.ElementNotInteractableException" message="element not interactable: https://www.globalassignmenthelp.com.au/engineering-subjects has no size and location
  (Session info: chrome=100.0.4896.60)
Build info: version: &amp;apos;3.141.59&amp;apos;, revision: &amp;apos;e82be7d358&amp;apos;, time: &amp;apos;2018-11-14T08:17:03&amp;apos;
System info: host: &amp;apos;user-OptiPlex-9020&amp;apos;, ip: &amp;apos;127.0.1.1&amp;apos;, os.name: &amp;apos;Linux&amp;apos;, os.arch: &amp;apos;amd64&amp;apos;, os.version: &amp;apos;5.15.0-46-generic&amp;apos;, java.version: &amp;apos;17.0.3&amp;apos;
Driver info: org.openqa.selenium.chrome.ChromeDriver
Capabilities {acceptInsecureCerts: false, browserName: chrome, browserVersion: 100.0.4896.60, chrome: {chromedriverVersion: 100.0.4896.60 (6a5d10861ce8..., userDataDir: /tmp/.com.google.Chrome.i1LRU9}, goog:chromeOptions: {debuggerAddress: localhost:46415}, javascriptEnabled: true, networkConnectionEnabled: false, pageLoadStrategy: normal, platform: LINUX, platformName: LINUX, proxy: Proxy(), setWindowRect: true, strictFileInteractability: false, timeouts: {implicit: 0, pageLoad: 300000, script: 30000}, unhandledPromptBehavior: dismiss and notify, webauthn:extension:credBlob: true, webauthn:extension:largeBlob: true, webauthn:virtualAuthenticators: true}
Session ID: 4277e65d14951aada3b4b3ef2ff67f15">
      <![CDATA[org.openqa.selenium.ElementNotInteractableException: element not interactable: https://www.globalassignmenthelp.com.au/engineering-subjects has no size and location
  (Session info: chrome=100.0.4896.60)
Build info: version: '3.141.59', revision: 'e82be7d358', time: '2018-11-14T08:17:03'
System info: host: 'user-OptiPlex-9020', ip: '127.0.1.1', os.name: 'Linux', os.arch: 'amd64', os.version: '5.15.0-46-generic', java.version: '17.0.3'
Driver info: org.openqa.selenium.chrome.ChromeDriver
Capabilities {acceptInsecureCerts: false, browserName: chrome, browserVersion: 100.0.4896.60, chrome: {chromedriverVersion: 100.0.4896.60 (6a5d10861ce8..., userDataDir: /tmp/.com.google.Chrome.i1LRU9}, goog:chromeOptions: {debuggerAddress: localhost:46415}, javascriptEnabled: true, networkConnectionEnabled: false, pageLoadStrategy: normal, platform: LINUX, platformName: LINUX, proxy: Proxy(), setWindowRect: true, strictFileInteractability: false, timeouts: {implicit: 0, pageLoad: 300000, script: 30000}, unhandledPromptBehavior: dismiss and notify, webauthn:extension:credBlob: true, webauthn:extension:largeBlob: true, webauthn:virtualAuthenticators: true}
Session ID: 4277e65d14951aada3b4b3ef2ff67f15
at org.openqa.selenium.remote.http.W3CHttpResponseCodec.createException(W3CHttpResponseCodec.java:187)
at org.openqa.selenium.remote.http.W3CHttpResponseCodec.decode(W3CHttpResponseCodec.java:122)
at org.openqa.selenium.remote.http.W3CHttpResponseCodec.decode(W3CHttpResponseCodec.java:49)
at org.openqa.selenium.remote.HttpCommandExecutor.execute(HttpCommandExecutor.java:158)
at org.openqa.selenium.remote.service.DriverCommandExecutor.execute(DriverCommandExecutor.java:83)
at org.openqa.selenium.remote.RemoteWebDriver.execute(RemoteWebDriver.java:552)
at org.openqa.selenium.remote.RemoteWebDriver.perform(RemoteWebDriver.java:618)
at org.openqa.selenium.interactions.Actions$BuiltAction.perform(Actions.java:639)
at org.openqa.selenium.interactions.Actions.perform(Actions.java:595)
at com.gahcomau.actiondriver.Action.hoverElement(Action.java:774)
at com.gahcomau.pageobjects.HomePage.excelDemoService(HomePage.java:289)
at com.gahcomau.testcases.Services_Main_Subject_Topic.ServiceTestEngineeringSubject(Services_Main_Subject_Topic.java:166)
at java.base/java.util.ArrayList.forEach(ArrayList.java:1511)
... Removed 31 stack frames]]>
    </failure>
  </testcase> <!-- ServiceTestEngineeringSubject -->
  <testcase classname="com.gahcomau.testcases.Services_Main_Subject_Topic" name="ServiceTestEngineeringSubject" time="38.98"/>
  <testcase classname="com.gahcomau.testcases.Services_Main_Subject_Topic" name="ServiceTestEngineeringSubject" time="35.598"/>
  <testcase classname="com.gahcomau.testcases.Services_Main_Subject_Topic" name="ServiceTestEngineeringSubject" time="15.027">
    <failure type="java.lang.AssertionError" message="expected [NEWCUST22] but found [&amp;apos;NEWCUST22&amp;apos; Coupon Applied]">
      <![CDATA[java.lang.AssertionError: expected [NEWCUST22] but found ['NEWCUST22' Coupon Applied]
at com.gahcomau.pageobjects.HomePage.dealsSection(HomePage.java:880)
at com.gahcomau.testcases.Services_Main_Subject_Topic.ServiceTestEngineeringSubject(Services_Main_Subject_Topic.java:180)
at java.base/java.util.ArrayList.forEach(ArrayList.java:1511)
... Removed 31 stack frames]]>
    </failure>
  </testcase> <!-- ServiceTestEngineeringSubject -->
  <testcase classname="com.gahcomau.testcases.Services_Main_Subject_Topic" name="ServiceTestEngineeringSubject" time="34.744"/>
  <testcase classname="com.gahcomau.testcases.Services_Main_Subject_Topic" name="ServiceTestEngineeringSubject" time="41.806"/>
  <testcase classname="com.gahcomau.testcases.Services_Main_Subject_Topic" name="ServiceTestEngineeringSubject" time="36.324"/>
  <testcase classname="com.gahcomau.testcases.Services_Main_Subject_Topic" name="ServiceTestEngineeringSubject" time="37.884"/>
  <testcase classname="com.gahcomau.testcases.Services_Main_Subject_Topic" name="ServiceTestEngineeringSubject" time="30.971"/>
  <testcase classname="com.gahcomau.testcases.Services_Main_Subject_Topic" name="ServiceTestEngineeringSubject" time="30.44">
    <failure type="org.openqa.selenium.NoSuchElementException" message="no such element: Unable to locate element: {&amp;quot;method&amp;quot;:&amp;quot;xpath&amp;quot;,&amp;quot;selector&amp;quot;:&amp;quot;//div[@class=&amp;quot;populr-search-slider slick-initialized slick-slider slick-dotted&amp;quot;]&amp;quot;}
  (Session info: chrome=100.0.4896.60)
For documentation on this error, please visit: https://www.seleniumhq.org/exceptions/no_such_element.html
Build info: version: &amp;apos;3.141.59&amp;apos;, revision: &amp;apos;e82be7d358&amp;apos;, time: &amp;apos;2018-11-14T08:17:03&amp;apos;
System info: host: &amp;apos;user-OptiPlex-9020&amp;apos;, ip: &amp;apos;127.0.1.1&amp;apos;, os.name: &amp;apos;Linux&amp;apos;, os.arch: &amp;apos;amd64&amp;apos;, os.version: &amp;apos;5.15.0-46-generic&amp;apos;, java.version: &amp;apos;17.0.3&amp;apos;
Driver info: org.openqa.selenium.chrome.ChromeDriver
Capabilities {acceptInsecureCerts: false, browserName: chrome, browserVersion: 100.0.4896.60, chrome: {chromedriverVersion: 100.0.4896.60 (6a5d10861ce8..., userDataDir: /tmp/.com.google.Chrome.GMgvDt}, goog:chromeOptions: {debuggerAddress: localhost:33221}, javascriptEnabled: true, networkConnectionEnabled: false, pageLoadStrategy: normal, platform: LINUX, platformName: LINUX, proxy: Proxy(), setWindowRect: true, strictFileInteractability: false, timeouts: {implicit: 0, pageLoad: 300000, script: 30000}, unhandledPromptBehavior: dismiss and notify, webauthn:extension:credBlob: true, webauthn:extension:largeBlob: true, webauthn:virtualAuthenticators: true}
Session ID: 60cae01050ed5487044ee340a54d0ef4
*** Element info: {Using=xpath, value=//div[@class=&amp;quot;populr-search-slider slick-initialized slick-slider slick-dotted&amp;quot;]}">
      <![CDATA[org.openqa.selenium.NoSuchElementException: no such element: Unable to locate element: {"method":"xpath","selector":"//div[@class="populr-search-slider slick-initialized slick-slider slick-dotted"]"}
  (Session info: chrome=100.0.4896.60)
For documentation on this error, please visit: https://www.seleniumhq.org/exceptions/no_such_element.html
Build info: version: '3.141.59', revision: 'e82be7d358', time: '2018-11-14T08:17:03'
System info: host: 'user-OptiPlex-9020', ip: '127.0.1.1', os.name: 'Linux', os.arch: 'amd64', os.version: '5.15.0-46-generic', java.version: '17.0.3'
Driver info: org.openqa.selenium.chrome.ChromeDriver
Capabilities {acceptInsecureCerts: false, browserName: chrome, browserVersion: 100.0.4896.60, chrome: {chromedriverVersion: 100.0.4896.60 (6a5d10861ce8..., userDataDir: /tmp/.com.google.Chrome.GMgvDt}, goog:chromeOptions: {debuggerAddress: localhost:33221}, javascriptEnabled: true, networkConnectionEnabled: false, pageLoadStrategy: normal, platform: LINUX, platformName: LINUX, proxy: Proxy(), setWindowRect: true, strictFileInteractability: false, timeouts: {implicit: 0, pageLoad: 300000, script: 30000}, unhandledPromptBehavior: dismiss and notify, webauthn:extension:credBlob: true, webauthn:extension:largeBlob: true, webauthn:virtualAuthenticators: true}
Session ID: 60cae01050ed5487044ee340a54d0ef4
*** Element info: {Using=xpath, value=//div[@class="populr-search-slider slick-initialized slick-slider slick-dotted"]}
at org.openqa.selenium.remote.http.W3CHttpResponseCodec.createException(W3CHttpResponseCodec.java:187)
at org.openqa.selenium.remote.http.W3CHttpResponseCodec.decode(W3CHttpResponseCodec.java:122)
at org.openqa.selenium.remote.http.W3CHttpResponseCodec.decode(W3CHttpResponseCodec.java:49)
at org.openqa.selenium.remote.HttpCommandExecutor.execute(HttpCommandExecutor.java:158)
at org.openqa.selenium.remote.service.DriverCommandExecutor.execute(DriverCommandExecutor.java:83)
at org.openqa.selenium.remote.RemoteWebDriver.execute(RemoteWebDriver.java:552)
at org.openqa.selenium.remote.RemoteWebDriver.findElement(RemoteWebDriver.java:323)
at org.openqa.selenium.remote.RemoteWebDriver.findElementByXPath(RemoteWebDriver.java:428)
at org.openqa.selenium.By$ByXPath.findElement(By.java:353)
at org.openqa.selenium.remote.RemoteWebDriver.findElement(RemoteWebDriver.java:315)
at org.openqa.selenium.support.pagefactory.DefaultElementLocator.findElement(DefaultElementLocator.java:69)
at org.openqa.selenium.support.pagefactory.internal.LocatingElementHandler.invoke(LocatingElementHandler.java:38)
at jdk.proxy2/jdk.proxy2.$Proxy15.getWrappedElement(Unknown Source)
at org.openqa.selenium.remote.internal.WebElementToJsonConverter.apply(WebElementToJsonConverter.java:50)
at java.base/java.util.stream.ReferencePipeline$3$1.accept(ReferencePipeline.java:197)
at java.base/java.util.Spliterators$ArraySpliterator.forEachRemaining(Spliterators.java:992)
at java.base/java.util.stream.AbstractPipeline.copyInto(AbstractPipeline.java:509)
at java.base/java.util.stream.AbstractPipeline.wrapAndCopyInto(AbstractPipeline.java:499)
at java.base/java.util.stream.ReduceOps$ReduceOp.evaluateSequential(ReduceOps.java:921)
at java.base/java.util.stream.AbstractPipeline.evaluate(AbstractPipeline.java:234)
at java.base/java.util.stream.ReferencePipeline.collect(ReferencePipeline.java:682)
at org.openqa.selenium.remote.RemoteWebDriver.executeScript(RemoteWebDriver.java:484)
at com.gahcomau.actiondriver.Action.scrollByVisibilityOfElement(Action.java:43)
at com.gahcomau.pageobjects.HomePage.reviewsSection(HomePage.java:983)
at com.gahcomau.testcases.Services_Main_Subject_Topic.ServiceTestEngineeringSubject(Services_Main_Subject_Topic.java:182)
at java.base/java.util.ArrayList.forEach(ArrayList.java:1511)
... Removed 30 stack frames]]>
    </failure>
  </testcase> <!-- ServiceTestEngineeringSubject -->
  <testcase classname="com.gahcomau.testcases.Services_Main_Subject_Topic" name="ServiceTestEngineeringSubject" time="32.651">
    <failure type="org.openqa.selenium.NoSuchElementException" message="no such element: Unable to locate element: {&amp;quot;method&amp;quot;:&amp;quot;xpath&amp;quot;,&amp;quot;selector&amp;quot;:&amp;quot;//div[@class=&amp;quot;populr-search-slider slick-initialized slick-slider slick-dotted&amp;quot;]&amp;quot;}
  (Session info: chrome=100.0.4896.60)
For documentation on this error, please visit: https://www.seleniumhq.org/exceptions/no_such_element.html
Build info: version: &amp;apos;3.141.59&amp;apos;, revision: &amp;apos;e82be7d358&amp;apos;, time: &amp;apos;2018-11-14T08:17:03&amp;apos;
System info: host: &amp;apos;user-OptiPlex-9020&amp;apos;, ip: &amp;apos;127.0.1.1&amp;apos;, os.name: &amp;apos;Linux&amp;apos;, os.arch: &amp;apos;amd64&amp;apos;, os.version: &amp;apos;5.15.0-46-generic&amp;apos;, java.version: &amp;apos;17.0.3&amp;apos;
Driver info: org.openqa.selenium.chrome.ChromeDriver
Capabilities {acceptInsecureCerts: false, browserName: chrome, browserVersion: 100.0.4896.60, chrome: {chromedriverVersion: 100.0.4896.60 (6a5d10861ce8..., userDataDir: /tmp/.com.google.Chrome.Xltx3B}, goog:chromeOptions: {debuggerAddress: localhost:37139}, javascriptEnabled: true, networkConnectionEnabled: false, pageLoadStrategy: normal, platform: LINUX, platformName: LINUX, proxy: Proxy(), setWindowRect: true, strictFileInteractability: false, timeouts: {implicit: 0, pageLoad: 300000, script: 30000}, unhandledPromptBehavior: dismiss and notify, webauthn:extension:credBlob: true, webauthn:extension:largeBlob: true, webauthn:virtualAuthenticators: true}
Session ID: 1611c46ff7daae2e69b9ddbbc0c6793a
*** Element info: {Using=xpath, value=//div[@class=&amp;quot;populr-search-slider slick-initialized slick-slider slick-dotted&amp;quot;]}">
      <![CDATA[org.openqa.selenium.NoSuchElementException: no such element: Unable to locate element: {"method":"xpath","selector":"//div[@class="populr-search-slider slick-initialized slick-slider slick-dotted"]"}
  (Session info: chrome=100.0.4896.60)
For documentation on this error, please visit: https://www.seleniumhq.org/exceptions/no_such_element.html
Build info: version: '3.141.59', revision: 'e82be7d358', time: '2018-11-14T08:17:03'
System info: host: 'user-OptiPlex-9020', ip: '127.0.1.1', os.name: 'Linux', os.arch: 'amd64', os.version: '5.15.0-46-generic', java.version: '17.0.3'
Driver info: org.openqa.selenium.chrome.ChromeDriver
Capabilities {acceptInsecureCerts: false, browserName: chrome, browserVersion: 100.0.4896.60, chrome: {chromedriverVersion: 100.0.4896.60 (6a5d10861ce8..., userDataDir: /tmp/.com.google.Chrome.Xltx3B}, goog:chromeOptions: {debuggerAddress: localhost:37139}, javascriptEnabled: true, networkConnectionEnabled: false, pageLoadStrategy: normal, platform: LINUX, platformName: LINUX, proxy: Proxy(), setWindowRect: true, strictFileInteractability: false, timeouts: {implicit: 0, pageLoad: 300000, script: 30000}, unhandledPromptBehavior: dismiss and notify, webauthn:extension:credBlob: true, webauthn:extension:largeBlob: true, webauthn:virtualAuthenticators: true}
Session ID: 1611c46ff7daae2e69b9ddbbc0c6793a
*** Element info: {Using=xpath, value=//div[@class="populr-search-slider slick-initialized slick-slider slick-dotted"]}
at org.openqa.selenium.remote.http.W3CHttpResponseCodec.createException(W3CHttpResponseCodec.java:187)
at org.openqa.selenium.remote.http.W3CHttpResponseCodec.decode(W3CHttpResponseCodec.java:122)
at org.openqa.selenium.remote.http.W3CHttpResponseCodec.decode(W3CHttpResponseCodec.java:49)
at org.openqa.selenium.remote.HttpCommandExecutor.execute(HttpCommandExecutor.java:158)
at org.openqa.selenium.remote.service.DriverCommandExecutor.execute(DriverCommandExecutor.java:83)
at org.openqa.selenium.remote.RemoteWebDriver.execute(RemoteWebDriver.java:552)
at org.openqa.selenium.remote.RemoteWebDriver.findElement(RemoteWebDriver.java:323)
at org.openqa.selenium.remote.RemoteWebDriver.findElementByXPath(RemoteWebDriver.java:428)
at org.openqa.selenium.By$ByXPath.findElement(By.java:353)
at org.openqa.selenium.remote.RemoteWebDriver.findElement(RemoteWebDriver.java:315)
at org.openqa.selenium.support.pagefactory.DefaultElementLocator.findElement(DefaultElementLocator.java:69)
at org.openqa.selenium.support.pagefactory.internal.LocatingElementHandler.invoke(LocatingElementHandler.java:38)
at jdk.proxy2/jdk.proxy2.$Proxy15.getWrappedElement(Unknown Source)
at org.openqa.selenium.remote.internal.WebElementToJsonConverter.apply(WebElementToJsonConverter.java:50)
at java.base/java.util.stream.ReferencePipeline$3$1.accept(ReferencePipeline.java:197)
at java.base/java.util.Spliterators$ArraySpliterator.forEachRemaining(Spliterators.java:992)
at java.base/java.util.stream.AbstractPipeline.copyInto(AbstractPipeline.java:509)
at java.base/java.util.stream.AbstractPipeline.wrapAndCopyInto(AbstractPipeline.java:499)
at java.base/java.util.stream.ReduceOps$ReduceOp.evaluateSequential(ReduceOps.java:921)
at java.base/java.util.stream.AbstractPipeline.evaluate(AbstractPipeline.java:234)
at java.base/java.util.stream.ReferencePipeline.collect(ReferencePipeline.java:682)
at org.openqa.selenium.remote.RemoteWebDriver.executeScript(RemoteWebDriver.java:484)
at com.gahcomau.actiondriver.Action.scrollByVisibilityOfElement(Action.java:43)
at com.gahcomau.pageobjects.HomePage.reviewsSection(HomePage.java:983)
at com.gahcomau.testcases.Services_Main_Subject_Topic.ServiceTestEngineeringSubject(Services_Main_Subject_Topic.java:182)
at java.base/java.util.ArrayList.forEach(ArrayList.java:1511)
... Removed 30 stack frames]]>
    </failure>
  </testcase> <!-- ServiceTestEngineeringSubject -->
  <testcase classname="com.gahcomau.testcases.Services_Main_Subject_Topic" name="getServiceManagementSubjectList" time="1.055"/>
  <testcase classname="com.gahcomau.testcases.Services_Main_Subject_Topic" name="ServiceTestManagemnetSubject" time="30.364"/>
  <testcase classname="com.gahcomau.testcases.Services_Main_Subject_Topic" name="ServiceTestManagemnetSubject" time="31.882"/>
  <testcase classname="com.gahcomau.testcases.Services_Main_Subject_Topic" name="ServiceTestManagemnetSubject" time="33.927"/>
  <testcase classname="com.gahcomau.testcases.Services_Main_Subject_Topic" name="ServiceTestManagemnetSubject" time="37.65"/>
  <testcase classname="com.gahcomau.testcases.Services_Main_Subject_Topic" name="ServiceTestManagemnetSubject" time="37.164"/>
  <testcase classname="com.gahcomau.testcases.Services_Main_Subject_Topic" name="ServiceTestManagemnetSubject" time="36.609"/>
  <testcase classname="com.gahcomau.testcases.Services_Main_Subject_Topic" name="ServiceTestManagemnetSubject" time="35.592"/>
  <testcase classname="com.gahcomau.testcases.Services_Main_Subject_Topic" name="ServiceTestManagemnetSubject" time="40.913"/>
  <testcase classname="com.gahcomau.testcases.Services_Main_Subject_Topic" name="ServiceTestManagemnetSubject" time="36.534"/>
  <testcase classname="com.gahcomau.testcases.Services_Main_Subject_Topic" name="ServiceTestManagemnetSubject" time="37.808"/>
  <testcase classname="com.gahcomau.testcases.Services_Main_Subject_Topic" name="ServiceTestManagemnetSubject" time="35.055"/>
  <testcase classname="com.gahcomau.testcases.Services_Main_Subject_Topic" name="ServiceTestManagemnetSubject" time="30.85"/>
  <testcase classname="com.gahcomau.testcases.Services_Main_Subject_Topic" name="ServiceTestManagemnetSubject" time="12.777">
    <failure type="java.lang.AssertionError" message="expected [NEWCUST22] but found [&amp;apos;NEWCUST22&amp;apos; Coupon Applied]">
      <![CDATA[java.lang.AssertionError: expected [NEWCUST22] but found ['NEWCUST22' Coupon Applied]
at com.gahcomau.pageobjects.HomePage.dealsSection(HomePage.java:880)
at com.gahcomau.testcases.Services_Main_Subject_Topic.ServiceTestManagemnetSubject(Services_Main_Subject_Topic.java:233)
at java.base/java.util.ArrayList.forEach(ArrayList.java:1511)
... Removed 32 stack frames]]>
    </failure>
  </testcase> <!-- ServiceTestManagemnetSubject -->
  <testcase classname="com.gahcomau.testcases.Services_Main_Subject_Topic" name="ServiceTestManagemnetSubject" time="32.294"/>
  <testcase classname="com.gahcomau.testcases.Services_Main_Subject_Topic" name="ServiceTestManagemnetSubject" time="32.235"/>
  <testcase classname="com.gahcomau.testcases.Services_Main_Subject_Topic" name="ServiceTestManagemnetSubject" time="14.728">
    <failure type="java.lang.AssertionError" message="expected [NEWCUST22] but found [&amp;apos;NEWCUST22&amp;apos; Coupon Applied]">
      <![CDATA[java.lang.AssertionError: expected [NEWCUST22] but found ['NEWCUST22' Coupon Applied]
at com.gahcomau.pageobjects.HomePage.dealsSection(HomePage.java:880)
at com.gahcomau.testcases.Services_Main_Subject_Topic.ServiceTestManagemnetSubject(Services_Main_Subject_Topic.java:233)
at java.base/java.util.ArrayList.forEach(ArrayList.java:1511)
... Removed 32 stack frames]]>
    </failure>
  </testcase> <!-- ServiceTestManagemnetSubject -->
  <testcase classname="com.gahcomau.testcases.Services_Main_Subject_Topic" name="ServiceTestManagemnetSubject" time="31.238"/>
  <testcase classname="com.gahcomau.testcases.Services_Main_Subject_Topic" name="ServiceTestManagemnetSubject" time="31.026"/>
  <testcase classname="com.gahcomau.testcases.Services_Main_Subject_Topic" name="ServiceTestManagemnetSubject" time="32.534"/>
  <testcase classname="com.gahcomau.testcases.Services_Main_Subject_Topic" name="ServiceTestManagemnetSubject" time="32.496"/>
  <testcase classname="com.gahcomau.testcases.Services_Main_Subject_Topic" name="ServiceTestManagemnetSubject" time="32.03"/>
  <testcase classname="com.gahcomau.testcases.Services_Main_Subject_Topic" name="ServiceTestManagemnetSubject" time="35.071"/>
  <testcase classname="com.gahcomau.testcases.Services_Main_Subject_Topic" name="ServiceTestManagemnetSubject" time="33.53"/>
  <testcase classname="com.gahcomau.testcases.Services_Main_Subject_Topic" name="ServiceTestManagemnetSubject" time="36.327"/>
  <testcase classname="com.gahcomau.testcases.Services_Main_Subject_Topic" name="ServiceTestManagemnetSubject" time="13.032">
    <failure type="java.lang.AssertionError" message="expected [NEWCUST22] but found [&amp;apos;NEWCUST22&amp;apos; Coupon Applied]">
      <![CDATA[java.lang.AssertionError: expected [NEWCUST22] but found ['NEWCUST22' Coupon Applied]
at com.gahcomau.pageobjects.HomePage.dealsSection(HomePage.java:880)
at com.gahcomau.testcases.Services_Main_Subject_Topic.ServiceTestManagemnetSubject(Services_Main_Subject_Topic.java:233)
at java.base/java.util.ArrayList.forEach(ArrayList.java:1511)
... Removed 31 stack frames]]>
    </failure>
  </testcase> <!-- ServiceTestManagemnetSubject -->
  <testcase classname="com.gahcomau.testcases.Services_Main_Subject_Topic" name="ServiceTestManagemnetSubject" time="32.817"/>
  <testcase classname="com.gahcomau.testcases.Services_Main_Subject_Topic" name="ServiceTestManagemnetSubject" time="32.827"/>
  <testcase classname="com.gahcomau.testcases.Services_Main_Subject_Topic" name="ServiceTestManagemnetSubject" time="13.968">
    <failure type="java.lang.AssertionError" message="expected [NEWCUST22] but found [&amp;apos;NEWCUST22&amp;apos; Coupon Applied]">
      <![CDATA[java.lang.AssertionError: expected [NEWCUST22] but found ['NEWCUST22' Coupon Applied]
at com.gahcomau.pageobjects.HomePage.dealsSection(HomePage.java:880)
at com.gahcomau.testcases.Services_Main_Subject_Topic.ServiceTestManagemnetSubject(Services_Main_Subject_Topic.java:233)
at java.base/java.util.ArrayList.forEach(ArrayList.java:1511)
... Removed 31 stack frames]]>
    </failure>
  </testcase> <!-- ServiceTestManagemnetSubject -->
  <testcase classname="com.gahcomau.testcases.Services_Main_Subject_Topic" name="ServiceTestManagemnetSubject" time="32.927"/>
  <testcase classname="com.gahcomau.testcases.Services_Main_Subject_Topic" name="ServiceTestManagemnetSubject" time="32.22"/>
  <testcase classname="com.gahcomau.testcases.Services_Main_Subject_Topic" name="ServiceTestManagemnetSubject" time="37.875"/>
  <testcase classname="com.gahcomau.testcases.Services_Main_Subject_Topic" name="ServiceTestManagemnetSubject" time="42.993"/>
  <testcase classname="com.gahcomau.testcases.Services_Main_Subject_Topic" name="getServiceDissertationHelpList" time="0.305"/>
  <testcase classname="com.gahcomau.testcases.Services_Main_Subject_Topic" name="ServiceTestDissertationHelp" time="30.909"/>
  <testcase classname="com.gahcomau.testcases.Services_Main_Subject_Topic" name="ServiceTestDissertationHelp" time="31.043"/>
  <testcase classname="com.gahcomau.testcases.Services_Main_Subject_Topic" name="ServiceTestDissertationHelp" time="30.64"/>
  <testcase classname="com.gahcomau.testcases.Services_Main_Subject_Topic" name="ServiceTestDissertationHelp" time="30.874">
    <failure type="org.openqa.selenium.NoSuchElementException" message="no such element: Unable to locate element: {&amp;quot;method&amp;quot;:&amp;quot;xpath&amp;quot;,&amp;quot;selector&amp;quot;:&amp;quot;//div[@class=&amp;quot;populr-search-slider slick-initialized slick-slider slick-dotted&amp;quot;]&amp;quot;}
  (Session info: chrome=100.0.4896.60)
For documentation on this error, please visit: https://www.seleniumhq.org/exceptions/no_such_element.html
Build info: version: &amp;apos;3.141.59&amp;apos;, revision: &amp;apos;e82be7d358&amp;apos;, time: &amp;apos;2018-11-14T08:17:03&amp;apos;
System info: host: &amp;apos;user-OptiPlex-9020&amp;apos;, ip: &amp;apos;127.0.1.1&amp;apos;, os.name: &amp;apos;Linux&amp;apos;, os.arch: &amp;apos;amd64&amp;apos;, os.version: &amp;apos;5.15.0-46-generic&amp;apos;, java.version: &amp;apos;17.0.3&amp;apos;
Driver info: org.openqa.selenium.chrome.ChromeDriver
[...]
at org.openqa.selenium.remote.http.W3CHttpResponseCodec.createException(W3CHttpResponseCodec.java:187)
at org.openqa.selenium.remote.http.W3CHttpResponseCodec.decode(W3CHttpResponseCodec.java:122)
at org.openqa.selenium.remote.http.W3CHttpResponseCodec.decode(W3CHttpResponseCodec.java:49)
at org.openqa.selenium.remote.HttpCommandExecutor.execute(HttpCommandExecutor.java:158)
at org.openqa.selenium.remote.service.DriverCommandExecutor.execute(DriverCommandExecutor.java:83)
at org.openqa.selenium.remote.RemoteWebDriver.execute(RemoteWebDriver.java:552)
at org.openqa.selenium.remote.RemoteWebDriver.findElement(RemoteWebDriver.java:323)
at org.openqa.selenium.remote.RemoteWebDriver.findElementByXPath(RemoteWebDriver.java:428)
at org.openqa.selenium.By$ByXPath.findElement(By.java:353)
at org.openqa.selenium.remote.RemoteWebDriver.findElement(RemoteWebDriver.java:315)
at org.openqa.selenium.support.pagefactory.DefaultElementLocator.findElement(DefaultElementLocator.java:69)
at org.openqa.selenium.support.pagefactory.internal.LocatingElementHandler.invoke(LocatingElementHandler.java:38)
at jdk.proxy2/jdk.proxy2.$Proxy15.getWrappedElement(Unknown Source)
at org.openqa.selenium.remote.internal.WebElementToJsonConverter.apply(WebElementToJsonConverter.java:50)
at java.base/java.util.stream.ReferencePipeline$3$1.accept(ReferencePipeline.java:197)
at java.base/java.util.Spliterators$ArraySpliterator.forEachRemaining(Spliterators.java:992)
at java.base/java.util.stream.AbstractPipeline.copyInto(AbstractPipeline.java:509)
at java.base/java.util.stream.AbstractPipeline.wrapAndCopyInto(AbstractPipeline.java:499)
at java.base/java.util.stream.ReduceOps$ReduceOp.evaluateSequential(ReduceOps.java:921)
at java.base/java.util.stream.AbstractPipeline.evaluate(AbstractPipeline.java:234)
at java.base/java.util.stream.ReferencePipeline.collect(ReferencePipeline.java:682)
at org.openqa.selenium.remote.RemoteWebDriver.executeScript(RemoteWebDriver.java:484)
at com.gahcomau.actiondriver.Action.scrollByVisibilityOfElement(Action.java:43)
at com.gahcomau.pageobjects.HomePage.reviewsSection(HomePage.java:983)
at com.gahcomau.testcases.Services_Main_Subject_Topic.ServiceTestEssaySubjects(Services_Main_Subject_Topic.java:608)
at java.base/java.util.ArrayList.forEach(ArrayList.java:1511)
... Removed 31 stack frames]]>
    </failure>
  </testcase> <!-- ServiceTestEssaySubjects -->
  <testcase classname="com.gahcomau.testcases.Services_Main_Subject_Topic" name="ServiceTestEssaySubjects" time="30.911">
    <failure type="org.openqa.selenium.NoSuchElementException" message="no such element: Unable to locate element: {&amp;quot;method&amp;quot;:&amp;quot;xpath&amp;quot;,&amp;quot;selector&amp;quot;:&amp;quot;//div[@class=&amp;quot;populr-search-slider slick-initialized slick-slider slick-dotted&amp;quot;]&amp;quot;}
  (Session info: chrome=100.0.4896.60)
For documentation on this error, please visit: https://www.seleniumhq.org/exceptions/no_such_element.html
Build info: version: &amp;apos;3.141.59&amp;apos;, revision: &amp;apos;e82be7d358&amp;apos;, time: &amp;apos;2018-11-14T08:17:03&amp;apos;
System info: host: &amp;apos;user-OptiPlex-9020&amp;apos;, ip: &amp;apos;127.0.1.1&amp;apos;, os.name: &amp;apos;Linux&amp;apos;, os.arch: &amp;apos;amd64&amp;apos;, os.version: &amp;apos;5.15.0-46-generic&amp;apos;, java.version: &amp;apos;17.0.3&amp;apos;
Driver info: org.openqa.selenium.chrome.ChromeDriver
Capabilities {acceptInsecureCerts: false, browserName: chrome, browserVersion: 100.0.4896.60, chrome: {chromedriverVersion: 100.0.4896.60 (6a5d10861ce8..., userDataDir: /tmp/.com.google.Chrome.FTEAKX}, goog:chromeOptions: {debuggerAddress: localhost:38039}, javascriptEnabled: true, networkConnectionEnabled: false, pageLoadStrategy: normal, platform: LINUX, platformName: LINUX, proxy: Proxy(), setWindowRect: true, strictFileInteractability: false, timeouts: {implicit: 0, pageLoad: 300000, script: 30000}, unhandledPromptBehavior: dismiss and notify, webauthn:extension:credBlob: true, webauthn:extension:largeBlob: true, webauthn:virtualAuthenticators: true}
Session ID: fe133add17927979f10dc97c29f5db36
*** Element info: {Using=xpath, value=//div[@class=&amp;quot;populr-search-slider slick-initialized slick-slider slick-dotted&amp;quot;]}">
      <![CDATA[org.openqa.selenium.NoSuchElementException: no such element: Unable to locate element: {"method":"xpath","selector":"//div[@class="populr-search-slider slick-initialized slick-slider slick-dotted"]"}
  (Session info: chrome=100.0.4896.60)
For documentation on this error, please visit: https://www.seleniumhq.org/exceptions/no_such_element.html
Build info: version: '3.141.59', revision: 'e82be7d358', time: '2018-11-14T08:17:03'
System info: host: 'user-OptiPlex-9020', ip: '127.0.1.1', os.name: 'Linux', os.arch: 'amd64', os.version: '5.15.0-46-generic', java.version: '17.0.3'
Driver info: org.openqa.selenium.chrome.ChromeDriver
Capabilities {acceptInsecureCerts: false, browserName: chrome, browserVersion: 100.0.4896.60, chrome: {chromedriverVersion: 100.0.4896.60 (6a5d10861ce8..., userDataDir: /tmp/.com.google.Chrome.FTEAKX}, goog:chromeOptions: {debuggerAddress: localhost:38039}, javascriptEnabled: true, networkConnectionEnabled: false, pageLoadStrategy: normal, platform: LINUX, platformName: LINUX, proxy: Proxy(), setWindowRect: true, strictFileInteractability: false, timeouts: {implicit: 0, pageLoad: 300000, script: 30000}, unhandledPromptBehavior: dismiss and notify, webauthn:extension:credBlob: true, webauthn:extension:largeBlob: true, webauthn:virtualAuthenticators: true}
Session ID: fe133add17927979f10dc97c29f5db36
*** Element info: {Using=xpath, value=//div[@class="populr-search-slider slick-initialized slick-slider slick-dotted"]}
at org.openqa.selenium.remote.http.W3CHttpResponseCodec.createException(W3CHttpResponseCodec.java:187)
at org.openqa.selenium.remote.http.W3CHttpResponseCodec.decode(W3CHttpResponseCodec.java:122)
at org.openqa.selenium.remote.http.W3CHttpResponseCodec.decode(W3CHttpResponseCodec.java:49)
at org.openqa.selenium.remote.HttpCommandExecutor.execute(HttpCommandExecutor.java:158)
at org.openqa.selenium.remote.service.DriverCommandExecutor.execute(DriverCommandExecutor.java:83)
at org.openqa.selenium.remote.RemoteWebDriver.execute(RemoteWebDriver.java:552)
at org.openqa.selenium.remote.RemoteWebDriver.findElement(RemoteWebDriver.java:323)
at org.openqa.selenium.remote.RemoteWebDriver.findElementByXPath(RemoteWebDriver.java:428)
at org.openqa.selenium.By$ByXPath.findElement(By.java:353)
at org.openqa.selenium.remote.RemoteWebDriver.findElement(RemoteWebDriver.java:315)
at org.openqa.selenium.support.pagefactory.DefaultElementLocator.findElement(DefaultElementLocator.java:69)
at org.openqa.selenium.support.pagefactory.internal.LocatingElementHandler.invoke(LocatingElementHandler.java:38)
at jdk.proxy2/jdk.proxy2.$Proxy15.getWrappedElement(Unknown Source)
at org.openqa.selenium.remote.internal.WebElementToJsonConverter.apply(WebElementToJsonConverter.java:50)
at java.base/java.util.stream.ReferencePipeline$3$1.accept(ReferencePipeline.java:197)
at java.base/java.util.Spliterators$ArraySpliterator.forEachRemaining(Spliterators.java:992)
at java.base/java.util.stream.AbstractPipeline.copyInto(AbstractPipeline.java:509)
at java.base/java.util.stream.AbstractPipeline.wrapAndCopyInto(AbstractPipeline.java:499)
at java.base/java.util.stream.ReduceOps$ReduceOp.evaluateSequential(ReduceOps.java:921)
at java.base/java.util.stream.AbstractPipeline.evaluate(AbstractPipeline.java:234)
at java.base/java.util.stream.ReferencePipeline.collect(ReferencePipeline.java:682)
at org.openqa.selenium.remote.RemoteWebDriver.executeScript(RemoteWebDriver.java:484)
at com.gahcomau.actiondriver.Action.scrollByVisibilityOfElement(Action.java:43)
at com.gahcomau.pageobjects.HomePage.reviewsSection(HomePage.java:983)
at com.gahcomau.testcases.Services_Main_Subject_Topic.ServiceTestEssaySubjects(Services_Main_Subject_Topic.java:608)
at java.base/java.util.ArrayList.forEach(ArrayList.java:1511)
... Removed 31 stack frames]]>
    </failure>
  </testcase> <!-- ServiceTestEssaySubjects -->
  <testcase classname="com.gahcomau.testcases.Services_Main_Subject_Topic" name="ServiceTestEssaySubjects" time="31.31"/>
  <testcase classname="com.gahcomau.testcases.Services_Main_Subject_Topic" name="ServiceTestEssaySubjects" time="27.794"/>
  <testcase classname="com.gahcomau.testcases.Services_Main_Subject_Topic" name="ServiceTestEssaySubjects" time="30.498">
    <failure type="org.openqa.selenium.NoSuchElementException" message="no such element: Unable to locate element: {&amp;quot;method&amp;quot;:&amp;quot;xpath&amp;quot;,&amp;quot;selector&amp;quot;:&amp;quot;//div[@class=&amp;quot;populr-search-slider slick-initialized slick-slider slick-dotted&amp;quot;]&amp;quot;}
  (Session info: chrome=100.0.4896.60)
For documentation on this error, please visit: https://www.seleniumhq.org/exceptions/no_such_element.html
Build info: version: &amp;apos;3.141.59&amp;apos;, revision: &amp;apos;e82be7d358&amp;apos;, time: &amp;apos;2018-11-14T08:17:03&amp;apos;
System info: host: &amp;apos;user-OptiPlex-9020&amp;apos;, ip: &amp;apos;127.0.1.1&amp;apos;, os.name: &amp;apos;Linux&amp;apos;, os.arch: &amp;apos;amd64&amp;apos;, os.version: &amp;apos;5.15.0-46-generic&amp;apos;, java.version: &amp;apos;17.0.3&amp;apos;
Driver info: org.openqa.selenium.chrome.ChromeDriver
Capabilities {acceptInsecureCerts: false, browserName: chrome, browserVersion: 100.0.4896.60, chrome: {chromedriverVersion: 100.0.4896.60 (6a5d10861ce8..., userDataDir: /tmp/.com.google.Chrome.dpUlqU}, goog:chromeOptions: {debuggerAddress: localhost:40421}, javascriptEnabled: true, networkConnectionEnabled: false, pageLoadStrategy: normal, platform: LINUX, platformName: LINUX, proxy: Proxy(), setWindowRect: true, strictFileInteractability: false, timeouts: {implicit: 0, pageLoad: 300000, script: 30000}, unhandledPromptBehavior: dismiss and notify, webauthn:extension:credBlob: true, webauthn:extension:largeBlob: true, webauthn:virtualAuthenticators: true}
Session ID: ed36cdcc4a4ddd92e855f84a1476ec34
*** Element info: {Using=xpath, value=//div[@class=&amp;quot;populr-search-slider slick-initialized slick-slider slick-dotted&amp;quot;]}">
      <![CDATA[org.openqa.selenium.NoSuchElementException: no such element: Unable to locate element: {"method":"xpath","selector":"//div[@class="populr-search-slider slick-initialized slick-slider slick-dotted"]"}
  (Session info: chrome=100.0.4896.60)
For documentation on this error, please visit: https://www.seleniumhq.org/exceptions/no_such_element.html
Build info: version: '3.141.59', revision: 'e82be7d358', time: '2018-11-14T08:17:03'
System info: host: 'user-OptiPlex-9020', ip: '127.0.1.1', os.name: 'Linux', os.arch: 'amd64', os.version: '5.15.0-46-generic', java.version: '17.0.3'
Driver info: org.openqa.selenium.chrome.ChromeDriver
Capabilities {acceptInsecureCerts: false, browserName: chrome, browserVersion: 100.0.4896.60, chrome: {chromedriverVersion: 100.0.4896.60 (6a5d10861ce8..., userDataDir: /tmp/.com.google.Chrome.dpUlqU}, goog:chromeOptions: {debuggerAddress: localhost:40421}, javascriptEnabled: true, networkConnectionEnabled: false, pageLoadStrategy: normal, platform: LINUX, platformName: LINUX, proxy: Proxy(), setWindowRect: true, strictFileInteractability: false, timeouts: {implicit: 0, pageLoad: 300000, script: 30000}, unhandledPromptBehavior: dismiss and notify, webauthn:extension:credBlob: true, webauthn:extension:largeBlob: true, webauthn:virtualAuthenticators: true}
Session ID: ed36cdcc4a4ddd92e855f84a1476ec34
*** Element info: {Using=xpath, value=//div[@class="populr-search-slider slick-initialized slick-slider slick-dotted"]}
at org.openqa.selenium.remote.http.W3CHttpResponseCodec.createException(W3CHttpResponseCodec.java:187)
at org.openqa.selenium.remote.http.W3CHttpResponseCodec.decode(W3CHttpResponseCodec.java:122)
at org.openqa.selenium.remote.http.W3CHttpResponseCodec.decode(W3CHttpResponseCodec.java:49)
at org.openqa.selenium.remote.HttpCommandExecutor.execute(HttpCommandExecutor.java:158)
at org.openqa.selenium.remote.service.DriverCommandExecutor.execute(DriverCommandExecutor.java:83)
at org.openqa.selenium.remote.RemoteWebDriver.execute(RemoteWebDriver.java:552)
at org.openqa.selenium.remote.RemoteWebDriver.findElement(RemoteWebDriver.java:323)
at org.openqa.selenium.remote.RemoteWebDriver.findElementByXPath(RemoteWebDriver.java:428)
at org.openqa.selenium.By$ByXPath.findElement(By.java:353)
at org.openqa.selenium.remote.RemoteWebDriver.findElement(RemoteWebDriver.java:315)
at org.openqa.selenium.support.pagefactory.DefaultElementLocator.findElement(DefaultElementLocator.java:69)
at org.openqa.selenium.support.pagefactory.internal.LocatingElementHandler.invoke(LocatingElementHandler.java:38)
at jdk.proxy2/jdk.proxy2.$Proxy15.getWrappedElement(Unknown Source)
at org.openqa.selenium.remote.internal.WebElementToJsonConverter.apply(WebElementToJsonConverter.java:50)
at java.base/java.util.stream.ReferencePipeline$3$1.accept(ReferencePipeline.java:197)
at java.base/java.util.Spliterators$ArraySpliterator.forEachRemaining(Spliterators.java:992)
at java.base/java.util.stream.AbstractPipeline.copyInto(AbstractPipeline.java:509)
at java.base/java.util.stream.AbstractPipeline.wrapAndCopyInto(AbstractPipeline.java:499)
at java.base/java.util.stream.ReduceOps$ReduceOp.evaluateSequential(ReduceOps.java:921)
at java.base/java.util.stream.AbstractPipeline.evaluate(AbstractPipeline.java:234)
at java.base/java.util.stream.ReferencePipeline.collect(ReferencePipeline.java:682)
at org.openqa.selenium.remote.RemoteWebDriver.executeScript(RemoteWebDriver.java:484)
at com.gahcomau.actiondriver.Action.scrollByVisibilityOfElement(Action.java:43)
at com.gahcomau.pageobjects.HomePage.reviewsSection(HomePage.java:983)
at com.gahcomau.testcases.Services_Main_Subject_Topic.ServiceTestEssaySubjects(Services_Main_Subject_Topic.java:608)
at java.base/java.util.ArrayList.forEach(ArrayList.java:1511)
... Removed 31 stack frames]]>
    </failure>
  </testcase> <!-- ServiceTestEssaySubjects -->
  <testcase classname="com.gahcomau.testcases.Services_Main_Subject_Topic" name="ServiceTestEssaySubjects" time="30.073">
    <failure type="org.openqa.selenium.NoSuchElementException" message="no such element: Unable to locate element: {&amp;quot;method&amp;quot;:&amp;quot;xpath&amp;quot;,&amp;quot;selector&amp;quot;:&amp;quot;//div[@class=&amp;quot;populr-search-slider slick-initialized slick-slider slick-dotted&amp;quot;]&amp;quot;}
  (Session info: chrome=100.0.4896.60)
For documentation on this error, please visit: https://www.seleniumhq.org/exceptions/no_such_element.html
Build info: version: &amp;apos;3.141.59&amp;apos;, revision: &amp;apos;e82be7d358&amp;apos;, time: &amp;apos;2018-11-14T08:17:03&amp;apos;
System info: host: &amp;apos;user-OptiPlex-9020&amp;apos;, ip: &amp;apos;127.0.1.1&amp;apos;, os.name: &amp;apos;Linux&amp;apos;, os.arch: &amp;apos;amd64&amp;apos;, os.version: &amp;apos;5.15.0-46-generic&amp;apos;, java.version: &amp;apos;17.0.3&amp;apos;
Driver info: org.openqa.selenium.chrome.ChromeDriver
Capabilities {acceptInsecureCerts: false, browserName: chrome, browserVersion: 100.0.4896.60, chrome: {chromedriverVersion: 100.0.4896.60 (6a5d10861ce8..., userDataDir: /tmp/.com.google.Chrome.jiFxGk}, goog:chromeOptions: {debuggerAddress: localhost:39687}, javascriptEnabled: true, networkConnectionEnabled: false, pageLoadStrategy: normal, platform: LINUX, platformName: LINUX, proxy: Proxy(), setWindowRect: true, strictFileInteractability: false, timeouts: {implicit: 0, pageLoad: 300000, script: 30000}, unhandledPromptBehavior: dismiss and notify, webauthn:extension:credBlob: true, webauthn:extension:largeBlob: true, webauthn:virtualAuthenticators: true}
Session ID: 59cd4c63adc57fe2a6bac8f99131cb69
*** Element info: {Using=xpath, value=//div[@class=&amp;quot;populr-search-slider slick-initialized slick-slider slick-dotted&amp;quot;]}">
      <![CDATA[org.openqa.selenium.NoSuchElementException: no such element: Unable to locate element: {"method":"xpath","selector":"//div[@class="populr-search-slider slick-initialized slick-slider slick-dotted"]"}
  (Session info: chrome=100.0.4896.60)
For documentation on this error, please visit: https://www.seleniumhq.org/exceptions/no_such_element.html
Build info: version: '3.141.59', revision: 'e82be7d358', time: '2018-11-14T08:17:03'
System info: host: 'user-OptiPlex-9020', ip: '127.0.1.1', os.name: 'Linux', os.arch: 'amd64', os.version: '5.15.0-46-generic', java.version: '17.0.3'
Driver info: org.openqa.selenium.chrome.ChromeDriver
Capabilities {acceptInsecureCerts: false, browserName: chrome, browserVersion: 100.0.4896.60, chrome: {chromedriverVersion: 100.0.4896.60 (6a5d10861ce8..., userDataDir: /tmp/.com.google.Chrome.jiFxGk}, goog:chromeOptions: {debuggerAddress: localhost:39687}, javascriptEnabled: true, networkConnectionEnabled: false, pageLoadStrategy: normal, platform: LINUX, platformName: LINUX, proxy: Proxy(), setWindowRect: true, strictFileInteractability: false, timeouts: {implicit: 0, pageLoad: 300000, script: 30000}, unhandledPromptBehavior: dismiss and notify, webauthn:extension:credBlob: true, webauthn:extension:largeBlob: true, webauthn:virtualAuthenticators: true}
Session ID: 59cd4c63adc57fe2a6bac8f99131cb69
*** Element info: {Using=xpath, value=//div[@class="populr-search-slider slick-initialized slick-slider slick-dotted"]}
at org.openqa.selenium.remote.http.W3CHttpResponseCodec.createException(W3CHttpResponseCodec.java:187)
at org.openqa.selenium.remote.http.W3CHttpResponseCodec.decode(W3CHttpResponseCodec.java:122)
at org.openqa.selenium.remote.http.W3CHttpResponseCodec.decode(W3CHttpResponseCodec.java:49)
at org.openqa.selenium.remote.HttpCommandExecutor.execute(HttpCommandExecutor.java:158)
at org.openqa.selenium.remote.service.DriverCommandExecutor.execute(DriverCommandExecutor.java:83)
at org.openqa.selenium.remote.RemoteWebDriver.execute(RemoteWebDriver.java:552)
at org.openqa.selenium.remote.RemoteWebDriver.findElement(RemoteWebDriver.java:323)
at org.openqa.selenium.remote.RemoteWebDriver.findElementByXPath(RemoteWebDriver.java:428)
at org.openqa.selenium.By$ByXPath.findElement(By.java:353)
at org.openqa.selenium.remote.RemoteWebDriver.findElement(RemoteWebDriver.java:315)
at org.openqa.selenium.support.pagefactory.DefaultElementLocator.findElement(DefaultElementLocator.java:69)
at org.openqa.selenium.support.pagefactory.internal.LocatingElementHandler.invoke(LocatingElementHandler.java:38)
at jdk.proxy2/jdk.proxy2.$Proxy15.getWrappedElement(Unknown Source)
at org.openqa.selenium.remote.internal.WebElementToJsonConverter.apply(WebElementToJsonConverter.java:50)
at java.base/java.util.stream.ReferencePipeline$3$1.accept(ReferencePipeline.java:197)
at java.base/java.util.Spliterators$ArraySpliterator.forEachRemaining(Spliterators.java:992)
at java.base/java.util.stream.AbstractPipeline.copyInto(AbstractPipeline.java:509)
at java.base/java.util.stream.AbstractPipeline.wrapAndCopyInto(AbstractPipeline.java:499)
at java.base/java.util.stream.ReduceOps$ReduceOp.evaluateSequential(ReduceOps.java:921)
at java.base/java.util.stream.AbstractPipeline.evaluate(AbstractPipeline.java:234)
at java.base/java.util.stream.ReferencePipeline.collect(ReferencePipeline.java:682)
at org.openqa.selenium.remote.RemoteWebDriver.executeScript(RemoteWebDriver.java:484)
at com.gahcomau.actiondriver.Action.scrollByVisibilityOfElement(Action.java:43)
at com.gahcomau.pageobjects.HomePage.reviewsSection(HomePage.java:983)
at com.gahcomau.testcases.Services_Main_Subject_Topic.ServiceTestEssaySubjects(Services_Main_Subject_Topic.java:608)
at java.base/java.util.ArrayList.forEach(ArrayList.java:1511)
... Removed 31 stack frames]]>
    </failure>
  </testcase> <!-- ServiceTestEssaySubjects -->
</testsuite> <!-- services -->
