<?xml version="1.0" encoding="UTF-8"?>
<!-- Generated by org.testng.reporters.JUnitXMLReporter -->
<testsuite ignored="0" hostname="user-OptiPlex-9020" failures="2" tests="5" name="Test" time="111.616" errors="0" timestamp="2022-09-05T17:31:01 IST">
  <testcase classname="com.gahcomau.testcases.Services_Main_Subject_Topic" name="getListServices" time="0.466"/>
  <testcase classname="com.gahcomau.testcases.Services_Main_Subject_Topic" name="getServiceAssignmentSubjectList" time="1.211"/>
  <testcase classname="com.gahcomau.testcases.Services_Main_Subject_Topic" name="ExcelHomePageMenuTest" time="29.791"/>
  <testcase classname="com.gahcomau.testcases.Services_Main_Subject_Topic" name="ExcelHomePageMenuTest" time="34.906">
    <failure type="java.lang.AssertionError" message="null">
      <![CDATA[java.lang.AssertionError: null
at com.gahcomau.pageobjects.HomePage.callUsStrip(HomePage.java:1402)
at com.gahcomau.testcases.Services_Main_Subject_Topic.ExcelHomePageMenuTest(Services_Main_Subject_Topic.java:122)
at java.base/java.util.ArrayList.forEach(ArrayList.java:1511)
... Removed 29 stack frames]]>
    </failure>
  </testcase> <!-- ExcelHomePageMenuTest -->
  <testcase classname="com.gahcomau.testcases.Services_Main_Subject_Topic" name="ExcelHomePageMenuTest" time="31.785">
    <failure type="java.lang.AssertionError" message="null">
      <![CDATA[java.lang.AssertionError: null
at com.gahcomau.pageobjects.HomePage.bannerOrderSample(HomePage.java:984)
at com.gahcomau.testcases.Services_Main_Subject_Topic.ExcelHomePageMenuTest(Services_Main_Subject_Topic.java:122)
at java.base/java.util.ArrayList.forEach(ArrayList.java:1511)
... Removed 29 stack frames]]>
    </failure>
  </testcase> <!-- ExcelHomePageMenuTest -->
</testsuite> <!-- Test -->
