<?xml version="1.0" encoding="UTF-8"?>
<testng-results ignored="0" total="5" passed="3" failed="2" skipped="0">
  <reporter-output>
  </reporter-output>
  <suite started-at="2022-09-05T17:29:10 IST" name="Suite" finished-at="2022-09-05T17:31:01 IST" duration-ms="111616">
    <groups>
    </groups>
    <test started-at="2022-09-05T17:29:10 IST" name="Test" finished-at="2022-09-05T17:31:01 IST" duration-ms="111616">
      <class name="com.gahcomau.testcases.Services_Main_Subject_Topic">
        <test-method is-config="true" signature="loadConfig()[pri:0, instance:com.gahcomau.testcases.Services_Main_Subject_Topic@d6e7bab]" started-at="2022-09-05T17:29:09 IST" name="loadConfig" finished-at="2022-09-05T17:29:10 IST" duration-ms="185" status="PASS">
          <reporter-output>
          </reporter-output>
        </test-method> <!-- loadConfig -->
        <test-method is-config="true" signature="setup()[pri:0, instance:com.gahcomau.testcases.Services_Main_Subject_Topic@d6e7bab]" started-at="2022-09-05T17:29:10 IST" name="setup" finished-at="2022-09-05T17:29:12 IST" duration-ms="2470" status="PASS">
          <reporter-output>
          </reporter-output>
        </test-method> <!-- setup -->
        <test-method signature="getListServices()[pri:1, instance:com.gahcomau.testcases.Services_Main_Subject_Topic@d6e7bab]" started-at="2022-09-05T17:29:12 IST" name="getListServices" finished-at="2022-09-05T17:29:13 IST" duration-ms="466" status="PASS">
          <reporter-output>
          </reporter-output>
        </test-method> <!-- getListServices -->
        <test-method is-config="true" signature="tearDown()[pri:0, instance:com.gahcomau.testcases.Services_Main_Subject_Topic@d6e7bab]" started-at="2022-09-05T17:29:13 IST" name="tearDown" finished-at="2022-09-05T17:29:13 IST" duration-ms="73" status="PASS">
          <reporter-output>
          </reporter-output>
        </test-method> <!-- tearDown -->
        <test-method is-config="true" signature="setup()[pri:0, instance:com.gahcomau.testcases.Services_Main_Subject_Topic@d6e7bab]" started-at="2022-09-05T17:29:13 IST" name="setup" finished-at="2022-09-05T17:29:14 IST" duration-ms="1830" status="PASS">
          <reporter-output>
          </reporter-output>
        </test-method> <!-- setup -->
        <test-method signature="getServiceAssignmentSubjectList()[pri:3, instance:com.gahcomau.testcases.Services_Main_Subject_Topic@d6e7bab]" started-at="2022-09-05T17:29:14 IST" name="getServiceAssignmentSubjectList" finished-at="2022-09-05T17:29:16 IST" duration-ms="1211" status="PASS">
          <reporter-output>
          </reporter-output>
        </test-method> <!-- getServiceAssignmentSubjectList -->
        <test-method is-config="true" signature="tearDown()[pri:0, instance:com.gahcomau.testcases.Services_Main_Subject_Topic@d6e7bab]" started-at="2022-09-05T17:29:16 IST" name="tearDown" finished-at="2022-09-05T17:29:16 IST" duration-ms="72" status="PASS">
          <reporter-output>
          </reporter-output>
        </test-method> <!-- tearDown -->
        <test-method is-config="true" signature="setup()[pri:0, instance:com.gahcomau.testcases.Services_Main_Subject_Topic@d6e7bab]" started-at="2022-09-05T17:29:16 IST" name="setup" finished-at="2022-09-05T17:29:20 IST" duration-ms="3500" status="PASS">
          <reporter-output>
          </reporter-output>
        </test-method> <!-- setup -->
        <test-method signature="ExcelHomePageMenuTest(java.lang.String, java.lang.String, java.lang.String)[pri:4, instance:com.gahcomau.testcases.Services_Main_Subject_Topic@d6e7bab]" started-at="2022-09-05T17:29:20 IST" name="ExcelHomePageMenuTest" description="Verify all services&gt;&gt; Main &gt;&gt; Topic are availble or not as per requirement " data-provider="assignmentsubject" finished-at="2022-09-05T17:29:50 IST" duration-ms="29791" status="PASS">
          <params>
            <param index="0">
              <value>
                <![CDATA[Services]]>
              </value>
            </param>
            <param index="1">
              <value>
                <![CDATA[Assignment Subjects]]>
              </value>
            </param>
            <param index="2">
              <value>
                <![CDATA[English]]>
              </value>
            </param>
          </params>
          <reporter-output>
          </reporter-output>
        </test-method> <!-- ExcelHomePageMenuTest -->
        <test-method is-config="true" signature="tearDown()[pri:0, instance:com.gahcomau.testcases.Services_Main_Subject_Topic@d6e7bab]" started-at="2022-09-05T17:29:50 IST" name="tearDown" finished-at="2022-09-05T17:29:50 IST" duration-ms="78" status="PASS">
          <reporter-output>
          </reporter-output>
        </test-method> <!-- tearDown -->
        <test-method is-config="true" signature="setup()[pri:0, instance:com.gahcomau.testcases.Services_Main_Subject_Topic@d6e7bab]" started-at="2022-09-05T17:29:50 IST" name="setup" finished-at="2022-09-05T17:29:52 IST" duration-ms="2316" status="PASS">
          <reporter-output>
          </reporter-output>
        </test-method> <!-- setup -->
        <test-method signature="ExcelHomePageMenuTest(java.lang.String, java.lang.String, java.lang.String)[pri:4, instance:com.gahcomau.testcases.Services_Main_Subject_Topic@d6e7bab]" started-at="2022-09-05T17:29:52 IST" name="ExcelHomePageMenuTest" description="Verify all services&gt;&gt; Main &gt;&gt; Topic are availble or not as per requirement " data-provider="assignmentsubject" finished-at="2022-09-05T17:30:27 IST" duration-ms="34906" status="FAIL">
          <params>
            <param index="0">
              <value>
                <![CDATA[Services]]>
              </value>
            </param>
            <param index="1">
              <value>
                <![CDATA[Assignment Subjects]]>
              </value>
            </param>
            <param index="2">
              <value>
                <![CDATA[Tourism]]>
              </value>
            </param>
          </params>
          <exception class="java.lang.AssertionError">
            <message>
              <![CDATA[null]]>
            </message>
            <full-stacktrace>
              <![CDATA[java.lang.AssertionError: null
at org.testng.Assert.fail(Assert.java:97)
at org.testng.Assert.fail(Assert.java:102)
at com.gahcomau.pageobjects.HomePage.callUsStrip(HomePage.java:1402)
at com.gahcomau.testcases.Services_Main_Subject_Topic.ExcelHomePageMenuTest(Services_Main_Subject_Topic.java:122)
at java.base/jdk.internal.reflect.NativeMethodAccessorImpl.invoke0(Native Method)
at java.base/jdk.internal.reflect.NativeMethodAccessorImpl.invoke(NativeMethodAccessorImpl.java:77)
at java.base/jdk.internal.reflect.DelegatingMethodAccessorImpl.invoke(DelegatingMethodAccessorImpl.java:43)
at java.base/java.lang.reflect.Method.invoke(Method.java:568)
at org.testng.internal.MethodInvocationHelper.invokeMethod(MethodInvocationHelper.java:134)
at org.testng.internal.TestInvoker.invokeMethod(TestInvoker.java:597)
at org.testng.internal.TestInvoker.invokeTestMethod(TestInvoker.java:173)
at org.testng.internal.MethodRunner.runInSequence(MethodRunner.java:46)
at org.testng.internal.TestInvoker$MethodInvocationAgent.invoke(TestInvoker.java:816)
at org.testng.internal.TestInvoker.invokeTestMethods(TestInvoker.java:146)
at org.testng.internal.TestMethodWorker.invokeTestMethods(TestMethodWorker.java:146)
at org.testng.internal.TestMethodWorker.run(TestMethodWorker.java:128)
at java.base/java.util.ArrayList.forEach(ArrayList.java:1511)
at org.testng.TestRunner.privateRun(TestRunner.java:766)
at org.testng.TestRunner.run(TestRunner.java:587)
at org.testng.SuiteRunner.runTest(SuiteRunner.java:384)
at org.testng.SuiteRunner.runSequentially(SuiteRunner.java:378)
at org.testng.SuiteRunner.privateRun(SuiteRunner.java:337)
at org.testng.SuiteRunner.run(SuiteRunner.java:286)
at org.testng.SuiteRunnerWorker.runSuite(SuiteRunnerWorker.java:53)
at org.testng.SuiteRunnerWorker.run(SuiteRunnerWorker.java:96)
at org.testng.TestNG.runSuitesSequentially(TestNG.java:1187)
at org.testng.TestNG.runSuitesLocally(TestNG.java:1109)
at org.testng.TestNG.runSuites(TestNG.java:1039)
at org.testng.TestNG.run(TestNG.java:1007)
at org.testng.remote.AbstractRemoteTestNG.run(AbstractRemoteTestNG.java:115)
at org.testng.remote.RemoteTestNG.initAndRun(RemoteTestNG.java:251)
at org.testng.remote.RemoteTestNG.main(RemoteTestNG.java:77)
]]>
            </full-stacktrace>
          </exception> <!-- java.lang.AssertionError -->
          <reporter-output>
          </reporter-output>
        </test-method> <!-- ExcelHomePageMenuTest -->
        <test-method is-config="true" signature="tearDown()[pri:0, instance:com.gahcomau.testcases.Services_Main_Subject_Topic@d6e7bab]" started-at="2022-09-05T17:30:27 IST" name="tearDown" finished-at="2022-09-05T17:30:27 IST" duration-ms="76" status="PASS">
          <reporter-output>
          </reporter-output>
        </test-method> <!-- tearDown -->
        <test-method is-config="true" signature="setup()[pri:0, instance:com.gahcomau.testcases.Services_Main_Subject_Topic@d6e7bab]" started-at="2022-09-05T17:30:27 IST" name="setup" finished-at="2022-09-05T17:30:29 IST" duration-ms="1853" status="PASS">
          <reporter-output>
          </reporter-output>
        </test-method> <!-- setup -->
        <test-method signature="ExcelHomePageMenuTest(java.lang.String, java.lang.String, java.lang.String)[pri:4, instance:com.gahcomau.testcases.Services_Main_Subject_Topic@d6e7bab]" started-at="2022-09-05T17:30:29 IST" name="ExcelHomePageMenuTest" description="Verify all services&gt;&gt; Main &gt;&gt; Topic are availble or not as per requirement " data-provider="assignmentsubject" finished-at="2022-09-05T17:31:01 IST" duration-ms="31785" status="FAIL">
          <params>
            <param index="0">
              <value>
                <![CDATA[Services]]>
              </value>
            </param>
            <param index="1">
              <value>
                <![CDATA[Assignment Subjects]]>
              </value>
            </param>
            <param index="2">
              <value>
                <![CDATA[History]]>
              </value>
            </param>
          </params>
          <exception class="java.lang.AssertionError">
            <message>
              <![CDATA[null]]>
            </message>
            <full-stacktrace>
              <![CDATA[java.lang.AssertionError: null
at org.testng.Assert.fail(Assert.java:97)
at org.testng.Assert.fail(Assert.java:102)
at com.gahcomau.pageobjects.HomePage.bannerOrderSample(HomePage.java:984)
at com.gahcomau.testcases.Services_Main_Subject_Topic.ExcelHomePageMenuTest(Services_Main_Subject_Topic.java:122)
at java.base/jdk.internal.reflect.NativeMethodAccessorImpl.invoke0(Native Method)
at java.base/jdk.internal.reflect.NativeMethodAccessorImpl.invoke(NativeMethodAccessorImpl.java:77)
at java.base/jdk.internal.reflect.DelegatingMethodAccessorImpl.invoke(DelegatingMethodAccessorImpl.java:43)
at java.base/java.lang.reflect.Method.invoke(Method.java:568)
at org.testng.internal.MethodInvocationHelper.invokeMethod(MethodInvocationHelper.java:134)
at org.testng.internal.TestInvoker.invokeMethod(TestInvoker.java:597)
at org.testng.internal.TestInvoker.invokeTestMethod(TestInvoker.java:173)
at org.testng.internal.MethodRunner.runInSequence(MethodRunner.java:46)
at org.testng.internal.TestInvoker$MethodInvocationAgent.invoke(TestInvoker.java:816)
at org.testng.internal.TestInvoker.invokeTestMethods(TestInvoker.java:146)
at org.testng.internal.TestMethodWorker.invokeTestMethods(TestMethodWorker.java:146)
at org.testng.internal.TestMethodWorker.run(TestMethodWorker.java:128)
at java.base/java.util.ArrayList.forEach(ArrayList.java:1511)
at org.testng.TestRunner.privateRun(TestRunner.java:766)
at org.testng.TestRunner.run(TestRunner.java:587)
at org.testng.SuiteRunner.runTest(SuiteRunner.java:384)
at org.testng.SuiteRunner.runSequentially(SuiteRunner.java:378)
at org.testng.SuiteRunner.privateRun(SuiteRunner.java:337)
at org.testng.SuiteRunner.run(SuiteRunner.java:286)
at org.testng.SuiteRunnerWorker.runSuite(SuiteRunnerWorker.java:53)
at org.testng.SuiteRunnerWorker.run(SuiteRunnerWorker.java:96)
at org.testng.TestNG.runSuitesSequentially(TestNG.java:1187)
at org.testng.TestNG.runSuitesLocally(TestNG.java:1109)
at org.testng.TestNG.runSuites(TestNG.java:1039)
at org.testng.TestNG.run(TestNG.java:1007)
at org.testng.remote.AbstractRemoteTestNG.run(AbstractRemoteTestNG.java:115)
at org.testng.remote.RemoteTestNG.initAndRun(RemoteTestNG.java:251)
at org.testng.remote.RemoteTestNG.main(RemoteTestNG.java:77)
]]>
            </full-stacktrace>
          </exception> <!-- java.lang.AssertionError -->
          <reporter-output>
          </reporter-output>
        </test-method> <!-- ExcelHomePageMenuTest -->
        <test-method is-config="true" signature="tearDown()[pri:0, instance:com.gahcomau.testcases.Services_Main_Subject_Topic@d6e7bab]" started-at="2022-09-05T17:31:01 IST" name="tearDown" finished-at="2022-09-05T17:31:01 IST" duration-ms="73" status="PASS">
          <reporter-output>
          </reporter-output>
        </test-method> <!-- tearDown -->
        <test-method is-config="true" signature="afterSuite()[pri:0, instance:com.gahcomau.testcases.Services_Main_Subject_Topic@d6e7bab]" started-at="2022-09-05T17:31:01 IST" name="afterSuite" finished-at="2022-09-05T17:31:02 IST" duration-ms="353" status="PASS">
          <reporter-output>
          </reporter-output>
        </test-method> <!-- afterSuite -->
      </class> <!-- com.gahcomau.testcases.Services_Main_Subject_Topic -->
    </test> <!-- Test -->
  </suite> <!-- Suite -->
</testng-results>
